2017-12-19 20:00:09.027536: Learning rates LR: 0.004000 
2017-12-19 20:00:09.027593: ENTERING STAGE : 1
2017-12-19 20:02:50.604457: Iter: 2000 [0], stage_id: 1, delta_weight_mean : 8.61879598e-05
2017-12-19 20:02:50.604751: plotting graph
2017-12-19 20:05:41.171467: Iter: 4000 [0], stage_id: 1, delta_weight_mean : 9.24477499e-05
2017-12-19 20:05:41.171553: plotting graph
2017-12-19 20:08:15.679869: Iter: 6000 [0], stage_id: 1, delta_weight_mean : 8.92075695e-05
2017-12-19 20:08:15.679954: plotting graph
2017-12-19 20:11:03.213163: Iter: 8000 [0], stage_id: 1, delta_weight_mean : 8.09117337e-05
2017-12-19 20:11:03.213241: plotting graph
2017-12-19 20:13:39.332786: Iter: 10000 [0], stage_id: 1, delta_weight_mean : 7.14195994e-05
2017-12-19 20:13:39.332876: plotting graph
2017-12-19 20:16:13.655735: Iter: 12000 [0], stage_id: 1, delta_weight_mean : 6.28870403e-05
2017-12-19 20:16:13.655810: plotting graph
2017-12-19 20:16:14.030906: Plotting weights...
2017-12-19 20:26:26.781316: Iter: 14000 [1], stage_id: 1, delta_weight_mean : 1.30348244e-05
2017-12-19 20:26:26.781393: plotting graph
2017-12-19 20:29:04.219417: Iter: 16000 [1], stage_id: 1, delta_weight_mean : 1.09312859e-05
2017-12-19 20:29:04.219494: plotting graph
2017-12-19 20:31:36.365691: Iter: 18000 [1], stage_id: 1, delta_weight_mean : 9.37071127e-06
2017-12-19 20:31:36.365766: plotting graph
2017-12-19 20:34:10.817841: Iter: 20000 [1], stage_id: 1, delta_weight_mean : 8.17116324e-06
2017-12-19 20:34:10.817924: plotting graph
2017-12-19 20:36:45.940526: Iter: 22000 [1], stage_id: 1, delta_weight_mean : 7.25288010e-06
2017-12-19 20:36:45.940608: plotting graph
2017-12-19 20:39:26.272262: Iter: 24000 [1], stage_id: 1, delta_weight_mean : 6.53782490e-06
2017-12-19 20:39:26.272338: plotting graph
2017-12-19 20:39:26.614147: Plotting weights...
2017-12-19 20:49:51.720346: Iter: 26000 [2], stage_id: 1, delta_weight_mean : 2.51935148e-06
2017-12-19 20:49:51.720419: plotting graph
2017-12-19 20:52:33.753337: Iter: 28000 [2], stage_id: 1, delta_weight_mean : 2.33436526e-06
2017-12-19 20:52:33.753419: plotting graph
2017-12-19 20:55:04.887947: Iter: 30000 [2], stage_id: 1, delta_weight_mean : 2.14930628e-06
2017-12-19 20:55:04.888029: plotting graph
2017-12-19 20:57:38.048437: Iter: 32000 [2], stage_id: 1, delta_weight_mean : 1.99749365e-06
2017-12-19 20:57:38.048518: plotting graph
2017-12-19 21:00:19.463040: Iter: 34000 [2], stage_id: 1, delta_weight_mean : 1.87933449e-06
2017-12-19 21:00:19.463118: plotting graph
2017-12-19 21:03:03.548171: Iter: 36000 [2], stage_id: 1, delta_weight_mean : 1.77029926e-06
2017-12-19 21:03:03.548249: plotting graph
2017-12-19 21:03:03.931320: Plotting weights...
2017-12-19 21:13:15.669225: Iter: 38000 [3], stage_id: 1, delta_weight_mean : 1.15354680e-06
2017-12-19 21:13:15.669299: plotting graph
2017-12-19 21:15:45.670147: Iter: 40000 [3], stage_id: 1, delta_weight_mean : 1.08098641e-06
2017-12-19 21:15:45.670228: plotting graph
2017-12-19 21:18:18.128168: Iter: 42000 [3], stage_id: 1, delta_weight_mean : 1.04785249e-06
2017-12-19 21:18:18.128243: plotting graph
2017-12-19 21:20:52.802545: Iter: 44000 [3], stage_id: 1, delta_weight_mean : 1.01400212e-06
2017-12-19 21:20:52.802644: plotting graph
2017-12-19 21:23:47.818281: Iter: 46000 [3], stage_id: 1, delta_weight_mean : 9.77520813e-07
2017-12-19 21:23:47.818370: plotting graph
2017-12-19 21:26:32.513349: Iter: 48000 [3], stage_id: 1, delta_weight_mean : 9.42892029e-07
2017-12-19 21:26:32.513432: plotting graph
2017-12-19 21:26:32.860518: Plotting weights...
2017-12-19 21:36:51.994226: Iter: 50000 [4], stage_id: 1, delta_weight_mean : 7.15175133e-07
2017-12-19 21:36:51.994303: plotting graph
2017-12-19 21:39:24.060959: Iter: 52000 [4], stage_id: 1, delta_weight_mean : 6.95687334e-07
2017-12-19 21:39:24.061041: plotting graph
2017-12-19 21:42:00.799839: Iter: 54000 [4], stage_id: 1, delta_weight_mean : 6.76449531e-07
2017-12-19 21:42:00.799931: plotting graph
2017-12-19 21:44:46.748419: Iter: 56000 [4], stage_id: 1, delta_weight_mean : 6.55886083e-07
2017-12-19 21:44:46.748509: plotting graph
2017-12-19 21:47:30.245827: Iter: 58000 [4], stage_id: 1, delta_weight_mean : 6.39615450e-07
2017-12-19 21:47:30.245915: plotting graph
2017-12-19 21:50:11.106973: Iter: 60000 [4], stage_id: 1, delta_weight_mean : 6.22903087e-07
2017-12-19 21:50:11.107051: plotting graph
2017-12-19 21:50:11.472124: Plotting weights...
2017-12-19 22:00:37.497561: Iter: 62000 [5], stage_id: 1, delta_weight_mean : 5.27707414e-07
2017-12-19 22:00:37.497657: plotting graph
2017-12-19 22:03:26.113184: Iter: 64000 [5], stage_id: 1, delta_weight_mean : 4.97917199e-07
2017-12-19 22:03:26.113259: plotting graph
2017-12-19 22:05:58.538564: Iter: 66000 [5], stage_id: 1, delta_weight_mean : 4.88484545e-07
2017-12-19 22:05:58.538645: plotting graph
2017-12-19 22:08:49.348106: Iter: 68000 [5], stage_id: 1, delta_weight_mean : 4.76997059e-07
2017-12-19 22:08:49.348209: plotting graph
2017-12-19 22:11:38.702133: Iter: 70000 [5], stage_id: 1, delta_weight_mean : 4.68797083e-07
2017-12-19 22:11:38.702211: plotting graph
2017-12-19 22:14:24.832471: Iter: 72000 [5], stage_id: 1, delta_weight_mean : 4.61637853e-07
2017-12-19 22:14:24.832541: plotting graph
2017-12-19 22:14:25.205652: Plotting weights...
2017-12-19 22:24:42.307259: Iter: 74000 [6], stage_id: 1, delta_weight_mean : 3.99799177e-07
2017-12-19 22:24:42.307339: plotting graph
2017-12-19 22:27:17.806461: Iter: 76000 [6], stage_id: 1, delta_weight_mean : 3.91538407e-07
2017-12-19 22:27:17.806577: plotting graph
2017-12-19 22:29:53.201250: Iter: 78000 [6], stage_id: 1, delta_weight_mean : 3.84940989e-07
2017-12-19 22:29:53.201358: plotting graph
2017-12-19 22:32:39.247228: Iter: 80000 [6], stage_id: 1, delta_weight_mean : 3.76974583e-07
2017-12-19 22:32:39.247325: plotting graph
2017-12-19 22:35:21.590523: Iter: 82000 [6], stage_id: 1, delta_weight_mean : 3.69874328e-07
2017-12-19 22:35:21.590618: plotting graph
2017-12-19 22:38:01.139320: Iter: 84000 [6], stage_id: 1, delta_weight_mean : 3.62133676e-07
2017-12-19 22:38:01.139393: plotting graph
2017-12-19 22:38:01.481064: Plotting weights...
2017-12-19 22:48:25.314282: Iter: 86000 [7], stage_id: 1, delta_weight_mean : 3.29670030e-07
2017-12-19 22:48:25.314359: plotting graph
2017-12-19 22:51:11.169083: Iter: 88000 [7], stage_id: 1, delta_weight_mean : 3.20376500e-07
2017-12-19 22:51:11.169182: plotting graph
2017-12-19 22:53:47.758375: Iter: 90000 [7], stage_id: 1, delta_weight_mean : 3.08453878e-07
2017-12-19 22:53:47.758452: plotting graph
2017-12-19 22:56:27.201454: Iter: 92000 [7], stage_id: 1, delta_weight_mean : 3.02547392e-07
2017-12-19 22:56:27.201614: plotting graph
2017-12-19 22:59:15.324571: Iter: 94000 [7], stage_id: 1, delta_weight_mean : 2.97393797e-07
2017-12-19 22:59:15.324669: plotting graph
2017-12-19 23:02:08.216007: Iter: 96000 [7], stage_id: 1, delta_weight_mean : 2.92812445e-07
2017-12-19 23:02:08.216092: plotting graph
2017-12-19 23:02:08.574524: Plotting weights...
2017-12-19 23:12:29.896787: Iter: 98000 [8], stage_id: 1, delta_weight_mean : 2.58164448e-07
2017-12-19 23:12:29.896875: plotting graph
2017-12-19 23:15:21.843343: Iter: 100000 [8], stage_id: 1, delta_weight_mean : 2.54741195e-07
2017-12-19 23:15:21.843427: plotting graph
2017-12-19 23:18:02.278863: Iter: 102000 [8], stage_id: 1, delta_weight_mean : 2.52056935e-07
2017-12-19 23:18:02.278943: plotting graph
2017-12-19 23:20:38.068144: Iter: 104000 [8], stage_id: 1, delta_weight_mean : 2.51366401e-07
2017-12-19 23:20:38.068227: plotting graph
2017-12-19 23:23:20.331714: Iter: 106000 [8], stage_id: 1, delta_weight_mean : 2.47536747e-07
2017-12-19 23:23:20.331825: plotting graph
2017-12-19 23:26:02.409939: Iter: 108000 [8], stage_id: 1, delta_weight_mean : 2.42944537e-07
2017-12-19 23:26:02.410024: plotting graph
2017-12-19 23:26:02.761839: Plotting weights...
2017-12-19 23:36:03.524781: Iter: 110000 [9], stage_id: 1, delta_weight_mean : 2.24152885e-07
2017-12-19 23:36:03.524868: plotting graph
2017-12-19 23:38:50.424792: Iter: 112000 [9], stage_id: 1, delta_weight_mean : 2.17587768e-07
2017-12-19 23:38:50.424899: plotting graph
2017-12-19 23:41:31.816988: Iter: 114000 [9], stage_id: 1, delta_weight_mean : 2.11612203e-07
2017-12-19 23:41:31.817129: plotting graph
2017-12-19 23:44:17.030339: Iter: 116000 [9], stage_id: 1, delta_weight_mean : 2.08513697e-07
2017-12-19 23:44:17.030442: plotting graph
2017-12-19 23:47:07.231009: Iter: 118000 [9], stage_id: 1, delta_weight_mean : 2.08684028e-07
2017-12-19 23:47:07.231087: plotting graph
2017-12-19 23:49:50.408632: Iter: 120000 [9], stage_id: 1, delta_weight_mean : 2.05338878e-07
2017-12-19 23:49:50.408733: plotting graph
2017-12-19 23:49:50.840786: Plotting weights...
