2017-12-27 21:57:50.769086: softmax classifer
2017-12-27 21:57:50.769170: Learning rates LR: 50.000000 
2017-12-27 21:58:02.682995: Iter: 200 [0], loss: 16141342.000000, acc: 0.00%, avg_loss: 6657670.773462, avg_acc: 14.50%
2017-12-27 21:58:12.950574: Iter: 400 [0], loss: 19014530.000000, acc: 0.00%, avg_loss: 6323422.936731, avg_acc: 19.50%
2017-12-27 21:58:21.163044: Iter: 600 [0], loss: 0.000000, acc: 1.00%, avg_loss: 6238846.195321, avg_acc: 21.67%
2017-12-27 21:58:28.964814: Iter: 800 [0], loss: 2162239.000000, acc: 0.00%, avg_loss: 6012857.250553, avg_acc: 23.25%
2017-12-27 21:58:38.088188: Iter: 1000 [0], loss: 0.000000, acc: 1.00%, avg_loss: 5875551.940942, avg_acc: 26.50%
2017-12-27 21:58:45.850717: Iter: 1200 [0], loss: 1883134.000000, acc: 0.00%, avg_loss: 5762514.071098, avg_acc: 27.25%
2017-12-27 21:58:54.370148: Iter: 1400 [0], loss: 6557783.000000, acc: 0.00%, avg_loss: 5819804.512905, avg_acc: 28.43%
2017-12-27 21:59:02.268418: Iter: 1600 [0], loss: 25053386.000000, acc: 0.00%, avg_loss: 5994362.951761, avg_acc: 28.94%
2017-12-27 21:59:10.299123: Iter: 1800 [0], loss: 0.000000, acc: 1.00%, avg_loss: 6000446.051426, avg_acc: 30.06%
2017-12-27 21:59:18.417596: Iter: 2000 [0], loss: 13753838.000000, acc: 0.00%, avg_loss: 5980330.377409, avg_acc: 30.20%
2017-12-27 21:59:27.130887: Iter: 2200 [0], loss: 0.000000, acc: 1.00%, avg_loss: 5849138.652190, avg_acc: 30.95%
2017-12-27 21:59:35.345603: Iter: 2400 [0], loss: 4657707.000000, acc: 0.00%, avg_loss: 5862805.281799, avg_acc: 31.00%
2017-12-27 21:59:43.421749: Iter: 2600 [0], loss: 7595279.500000, acc: 0.00%, avg_loss: 5843031.225411, avg_acc: 31.19%
2017-12-27 21:59:52.510435: Iter: 2800 [0], loss: 24227616.000000, acc: 0.00%, avg_loss: 5896940.029845, avg_acc: 31.32%
2017-12-27 22:00:00.384752: Iter: 3000 [0], loss: 8027443.000000, acc: 0.00%, avg_loss: 5889440.402356, avg_acc: 31.60%
2017-12-27 22:00:08.337210: Iter: 3200 [0], loss: 5793019.500000, acc: 0.00%, avg_loss: 5777110.236896, avg_acc: 32.19%
2017-12-27 22:00:16.840852: Iter: 3400 [0], loss: 7300078.000000, acc: 0.00%, avg_loss: 5704024.841932, avg_acc: 33.03%
2017-12-27 22:00:28.438196: Iter: 3600 [0], loss: 4172820.000000, acc: 0.00%, avg_loss: 5716305.460713, avg_acc: 33.19%
2017-12-27 22:00:40.161317: Iter: 3800 [0], loss: 0.000000, acc: 1.00%, avg_loss: 5636620.914886, avg_acc: 33.84%
2017-12-27 22:00:52.078198: Iter: 4000 [0], loss: 16731919.000000, acc: 0.00%, avg_loss: 5641226.521767, avg_acc: 34.08%
2017-12-27 22:01:04.511264: Iter: 4200 [0], loss: 9798186.000000, acc: 0.00%, avg_loss: 5652453.839183, avg_acc: 34.36%
2017-12-27 22:01:17.117479: Iter: 4400 [0], loss: 0.000000, acc: 1.00%, avg_loss: 5659630.469447, avg_acc: 34.61%
2017-12-27 22:01:29.350051: Iter: 4600 [0], loss: 22265258.000000, acc: 0.00%, avg_loss: 5676922.036536, avg_acc: 34.83%
2017-12-27 22:01:41.516198: Iter: 4800 [0], loss: 13533406.000000, acc: 0.00%, avg_loss: 5630741.293399, avg_acc: 35.27%
2017-12-27 22:01:54.659621: Iter: 5000 [0], loss: 0.000000, acc: 1.00%, avg_loss: 5609055.594863, avg_acc: 35.60%
2017-12-27 22:02:07.683182: Iter: 5200 [0], loss: 0.000000, acc: 1.00%, avg_loss: 5592624.763811, avg_acc: 35.71%
2017-12-27 22:02:20.243384: Iter: 5400 [0], loss: 4625408.500000, acc: 0.00%, avg_loss: 5580831.129596, avg_acc: 35.91%
2017-12-27 22:02:33.405379: Iter: 5600 [0], loss: 0.000000, acc: 1.00%, avg_loss: 5592072.613762, avg_acc: 36.00%
2017-12-27 22:02:45.337597: Iter: 5800 [0], loss: 2281822.000000, acc: 0.00%, avg_loss: 5584003.620012, avg_acc: 36.22%
2017-12-27 22:02:57.587760: Iter: 6000 [0], loss: 0.000000, acc: 1.00%, avg_loss: 5584258.884928, avg_acc: 36.38%
2017-12-27 22:03:06.570187: Iter: 6200 [0], loss: 8574573.000000, acc: 0.00%, avg_loss: 5539639.930737, avg_acc: 36.82%
2017-12-27 22:03:19.458895: Iter: 6400 [0], loss: 0.000000, acc: 1.00%, avg_loss: 5479767.048526, avg_acc: 37.23%
2017-12-27 22:03:32.347990: Iter: 6600 [0], loss: 37176480.000000, acc: 0.00%, avg_loss: 5459425.315730, avg_acc: 37.41%
2017-12-27 22:03:44.570082: Iter: 6800 [0], loss: 0.000000, acc: 1.00%, avg_loss: 5448374.161922, avg_acc: 37.53%
2017-12-27 22:03:56.836701: Iter: 7000 [0], loss: 0.000000, acc: 1.00%, avg_loss: 5428346.240545, avg_acc: 37.74%
2017-12-27 22:04:08.496215: Iter: 7200 [0], loss: 13516270.000000, acc: 0.00%, avg_loss: 5427563.704454, avg_acc: 37.94%
2017-12-27 22:04:21.486034: Iter: 7400 [0], loss: 7822327.500000, acc: 0.00%, avg_loss: 5412233.250009, avg_acc: 38.22%
2017-12-27 22:04:33.897906: Iter: 7600 [0], loss: 0.000000, acc: 1.00%, avg_loss: 5400181.947311, avg_acc: 38.39%
2017-12-27 22:04:46.349983: Iter: 7800 [0], loss: 2470058.000000, acc: 0.00%, avg_loss: 5379634.967925, avg_acc: 38.62%
2017-12-27 22:04:58.714646: Iter: 8000 [0], loss: 0.000000, acc: 1.00%, avg_loss: 5342347.858383, avg_acc: 38.90%
2017-12-27 22:05:10.768506: Iter: 8200 [0], loss: 0.000000, acc: 1.00%, avg_loss: 5351433.234398, avg_acc: 39.13%
2017-12-27 22:05:22.388196: Iter: 8400 [0], loss: 8837356.000000, acc: 0.00%, avg_loss: 5349479.237568, avg_acc: 39.37%
2017-12-27 22:05:33.196124: Iter: 8600 [0], loss: 9701506.000000, acc: 0.00%, avg_loss: 5346881.752740, avg_acc: 39.60%
2017-12-27 22:05:45.087055: Iter: 8800 [0], loss: 1448660.000000, acc: 0.00%, avg_loss: 5326621.211172, avg_acc: 39.83%
2017-12-27 22:05:55.676716: Iter: 9000 [0], loss: 0.000000, acc: 1.00%, avg_loss: 5346359.489980, avg_acc: 39.87%
2017-12-27 22:06:05.565483: Iter: 9200 [0], loss: 11826852.000000, acc: 0.00%, avg_loss: 5323069.271611, avg_acc: 40.03%
2017-12-27 22:06:16.872217: Iter: 9400 [0], loss: 9367622.000000, acc: 0.00%, avg_loss: 5316819.291204, avg_acc: 40.18%
2017-12-27 22:06:28.658556: Iter: 9600 [0], loss: 486502.000000, acc: 0.00%, avg_loss: 5286190.779929, avg_acc: 40.45%
2017-12-27 22:06:40.003903: Iter: 9800 [0], loss: 0.000000, acc: 1.00%, avg_loss: 5253018.937124, avg_acc: 40.66%
2017-12-27 22:06:51.831570: Iter: 10000 [0], loss: 19685190.000000, acc: 0.00%, avg_loss: 5253650.348082, avg_acc: 40.76%
2017-12-27 22:07:03.785099: Iter: 10200 [0], loss: 2294732.000000, acc: 0.00%, avg_loss: 5234517.034982, avg_acc: 40.99%
2017-12-27 22:07:15.733655: Iter: 10400 [0], loss: 0.000000, acc: 1.00%, avg_loss: 5225644.867771, avg_acc: 41.22%
2017-12-27 22:07:27.851437: Iter: 10600 [0], loss: 8713174.000000, acc: 0.00%, avg_loss: 5197373.801587, avg_acc: 41.43%
2017-12-27 22:07:39.806077: Iter: 10800 [0], loss: 0.000000, acc: 1.00%, avg_loss: 5164604.250238, avg_acc: 41.76%
2017-12-27 22:07:51.899143: Iter: 11000 [0], loss: 0.000000, acc: 1.00%, avg_loss: 5179678.362415, avg_acc: 41.77%
2017-12-27 22:08:03.764234: Iter: 11200 [0], loss: 3702929.000000, acc: 0.00%, avg_loss: 5165369.999113, avg_acc: 41.86%
2017-12-27 22:08:14.651370: Iter: 11400 [0], loss: 0.000000, acc: 1.00%, avg_loss: 5153472.058690, avg_acc: 42.05%
2017-12-27 22:08:24.585861: Iter: 11600 [0], loss: 0.000000, acc: 1.00%, avg_loss: 5135933.854445, avg_acc: 42.28%
2017-12-27 22:08:36.015102: Iter: 11800 [0], loss: 16570656.000000, acc: 0.00%, avg_loss: 5136881.497294, avg_acc: 42.41%
2017-12-27 22:08:47.328457: Iter: 12000 [0], loss: 0.000000, acc: 1.00%, avg_loss: 5119464.576235, avg_acc: 42.58%
2017-12-27 22:08:47.328990: 
Epoch 0: avg_Loss: 5119891.233837601729, avg_Acc: 42.586882240187
2017-12-27 22:08:47.329148: Learning rates changed LR: 1.000000 
2017-12-27 22:09:00.013198: Iter: 12200 [1], loss: 0.000000, acc: 1.00%, avg_loss: 5774095.556250, avg_acc: 38.00%
2017-12-27 22:09:11.086700: Iter: 12400 [1], loss: 0.000000, acc: 1.00%, avg_loss: 3725794.410625, avg_acc: 53.25%
2017-12-27 22:09:22.041555: Iter: 12600 [1], loss: 3162940.500000, acc: 0.00%, avg_loss: 2994768.926250, avg_acc: 58.50%
2017-12-27 22:09:33.462732: Iter: 12800 [1], loss: 0.000000, acc: 1.00%, avg_loss: 2476673.759063, avg_acc: 62.38%
2017-12-27 22:09:45.265742: Iter: 13000 [1], loss: 0.000000, acc: 1.00%, avg_loss: 2183727.256750, avg_acc: 64.70%
2017-12-27 22:09:57.149229: Iter: 13200 [1], loss: 0.000000, acc: 1.00%, avg_loss: 2020299.187500, avg_acc: 66.08%
2017-12-27 22:10:08.495150: Iter: 13400 [1], loss: 8179944.000000, acc: 0.00%, avg_loss: 1878548.954107, avg_acc: 67.43%
2017-12-27 22:10:19.983136: Iter: 13600 [1], loss: 0.000000, acc: 1.00%, avg_loss: 1819482.438594, avg_acc: 67.31%
2017-12-27 22:10:31.302163: Iter: 13800 [1], loss: 0.000000, acc: 1.00%, avg_loss: 1715089.828611, avg_acc: 68.06%
2017-12-27 22:10:42.967408: Iter: 14000 [1], loss: 474233.000000, acc: 0.00%, avg_loss: 1668775.221250, avg_acc: 68.10%
2017-12-27 22:10:54.678926: Iter: 14200 [1], loss: 0.000000, acc: 1.00%, avg_loss: 1592315.369318, avg_acc: 68.77%
2017-12-27 22:11:06.608677: Iter: 14400 [1], loss: 3919497.500000, acc: 0.00%, avg_loss: 1534869.865729, avg_acc: 69.38%
2017-12-27 22:11:17.918137: Iter: 14600 [1], loss: 1353891.000000, acc: 0.00%, avg_loss: 1488532.014904, avg_acc: 69.81%
2017-12-27 22:11:26.202111: Iter: 14800 [1], loss: 0.000000, acc: 1.00%, avg_loss: 1447720.933661, avg_acc: 70.11%
2017-12-27 22:11:34.325634: Iter: 15000 [1], loss: 2000153.500000, acc: 0.00%, avg_loss: 1436716.462500, avg_acc: 70.27%
2017-12-27 22:11:42.123293: Iter: 15200 [1], loss: 0.000000, acc: 1.00%, avg_loss: 1388710.229453, avg_acc: 70.81%
2017-12-27 22:11:49.927867: Iter: 15400 [1], loss: 0.000000, acc: 1.00%, avg_loss: 1346850.779632, avg_acc: 71.00%
2017-12-27 22:11:57.835069: Iter: 15600 [1], loss: 0.000000, acc: 1.00%, avg_loss: 1319156.205069, avg_acc: 71.36%
2017-12-27 22:12:06.370741: Iter: 15800 [1], loss: 0.000000, acc: 1.00%, avg_loss: 1297250.331053, avg_acc: 71.58%
2017-12-27 22:12:14.146679: Iter: 16000 [1], loss: 0.000000, acc: 1.00%, avg_loss: 1275869.146437, avg_acc: 71.67%
2017-12-27 22:12:21.935363: Iter: 16200 [1], loss: 138181.500000, acc: 0.00%, avg_loss: 1257335.775000, avg_acc: 71.90%
2017-12-27 22:12:29.674942: Iter: 16400 [1], loss: 2291444.750000, acc: 0.00%, avg_loss: 1251328.615739, avg_acc: 71.84%
2017-12-27 22:12:37.423729: Iter: 16600 [1], loss: 0.000000, acc: 1.00%, avg_loss: 1238735.712228, avg_acc: 71.74%
2017-12-27 22:12:45.159877: Iter: 16800 [1], loss: 8092412.000000, acc: 0.00%, avg_loss: 1229985.305885, avg_acc: 71.73%
2017-12-27 22:12:52.900933: Iter: 17000 [1], loss: 5306510.500000, acc: 0.00%, avg_loss: 1206841.784550, avg_acc: 72.00%
2017-12-27 22:13:00.644066: Iter: 17200 [1], loss: 0.000000, acc: 1.00%, avg_loss: 1214495.249615, avg_acc: 71.87%
2017-12-27 22:13:08.390615: Iter: 17400 [1], loss: 0.000000, acc: 1.00%, avg_loss: 1206226.097778, avg_acc: 71.87%
2017-12-27 22:13:16.147435: Iter: 17600 [1], loss: 0.000000, acc: 1.00%, avg_loss: 1196850.958527, avg_acc: 71.93%
2017-12-27 22:13:23.918768: Iter: 17800 [1], loss: 0.000000, acc: 1.00%, avg_loss: 1200193.479483, avg_acc: 71.91%
2017-12-27 22:13:31.814696: Iter: 18000 [1], loss: 369901.250000, acc: 0.00%, avg_loss: 1186434.064500, avg_acc: 72.13%
2017-12-27 22:13:40.445592: Iter: 18200 [1], loss: 0.000000, acc: 1.00%, avg_loss: 1175438.978548, avg_acc: 72.24%
2017-12-27 22:13:48.517393: Iter: 18400 [1], loss: 0.000000, acc: 1.00%, avg_loss: 1163531.666133, avg_acc: 72.38%
2017-12-27 22:13:56.290740: Iter: 18600 [1], loss: 644997.000000, acc: 0.00%, avg_loss: 1156893.302386, avg_acc: 72.47%
2017-12-27 22:14:04.932844: Iter: 18800 [1], loss: 0.000000, acc: 1.00%, avg_loss: 1147120.592059, avg_acc: 72.40%
2017-12-27 22:14:14.228431: Iter: 19000 [1], loss: 0.000000, acc: 1.00%, avg_loss: 1145584.900857, avg_acc: 72.36%
2017-12-27 22:14:22.090822: Iter: 19200 [1], loss: 0.000000, acc: 1.00%, avg_loss: 1140797.342917, avg_acc: 72.49%
2017-12-27 22:14:30.190241: Iter: 19400 [1], loss: 0.000000, acc: 1.00%, avg_loss: 1136965.693682, avg_acc: 72.50%
2017-12-27 22:14:38.050502: Iter: 19600 [1], loss: 0.000000, acc: 1.00%, avg_loss: 1132364.260493, avg_acc: 72.62%
2017-12-27 22:14:45.888384: Iter: 19800 [1], loss: 0.000000, acc: 1.00%, avg_loss: 1128112.561410, avg_acc: 72.69%
2017-12-27 22:14:53.667660: Iter: 20000 [1], loss: 0.000000, acc: 1.00%, avg_loss: 1126025.047891, avg_acc: 72.66%
2017-12-27 22:15:01.405182: Iter: 20200 [1], loss: 0.000000, acc: 1.00%, avg_loss: 1123959.274192, avg_acc: 72.68%
2017-12-27 22:15:09.281919: Iter: 20400 [1], loss: 0.000000, acc: 1.00%, avg_loss: 1117892.932872, avg_acc: 72.79%
2017-12-27 22:15:17.009035: Iter: 20600 [1], loss: 0.000000, acc: 1.00%, avg_loss: 1115880.867951, avg_acc: 72.86%
2017-12-27 22:15:24.824967: Iter: 20800 [1], loss: 0.000000, acc: 1.00%, avg_loss: 1108355.895099, avg_acc: 72.89%
2017-12-27 22:15:32.637058: Iter: 21000 [1], loss: 0.000000, acc: 1.00%, avg_loss: 1110139.656625, avg_acc: 72.82%
2017-12-27 22:15:40.427767: Iter: 21200 [1], loss: 0.000000, acc: 1.00%, avg_loss: 1103719.695992, avg_acc: 72.89%
2017-12-27 22:15:48.130997: Iter: 21400 [1], loss: 0.000000, acc: 1.00%, avg_loss: 1105291.655572, avg_acc: 72.86%
2017-12-27 22:15:55.827652: Iter: 21600 [1], loss: 14477.000000, acc: 0.00%, avg_loss: 1101748.679648, avg_acc: 72.85%
2017-12-27 22:16:03.520144: Iter: 21800 [1], loss: 0.000000, acc: 1.00%, avg_loss: 1100219.045599, avg_acc: 72.87%
2017-12-27 22:16:11.211515: Iter: 22000 [1], loss: 0.000000, acc: 1.00%, avg_loss: 1102526.196363, avg_acc: 72.92%
2017-12-27 22:16:18.904150: Iter: 22200 [1], loss: 0.000000, acc: 1.00%, avg_loss: 1099884.092659, avg_acc: 72.98%
2017-12-27 22:16:26.605780: Iter: 22400 [1], loss: 0.000000, acc: 1.00%, avg_loss: 1097745.752825, avg_acc: 72.94%
2017-12-27 22:16:34.319383: Iter: 22600 [1], loss: 0.000000, acc: 1.00%, avg_loss: 1095403.235531, avg_acc: 73.00%
2017-12-27 22:16:42.015123: Iter: 22800 [1], loss: 0.000000, acc: 1.00%, avg_loss: 1092868.645891, avg_acc: 72.97%
2017-12-27 22:16:49.804551: Iter: 23000 [1], loss: 2491248.000000, acc: 0.00%, avg_loss: 1086035.588443, avg_acc: 73.07%
2017-12-27 22:16:57.517882: Iter: 23200 [1], loss: 0.000000, acc: 1.00%, avg_loss: 1077818.831752, avg_acc: 73.18%
2017-12-27 22:17:05.253387: Iter: 23400 [1], loss: 0.000000, acc: 1.00%, avg_loss: 1076473.545735, avg_acc: 73.18%
2017-12-27 22:17:13.005992: Iter: 23600 [1], loss: 0.000000, acc: 1.00%, avg_loss: 1077319.385054, avg_acc: 73.11%
2017-12-27 22:17:20.747065: Iter: 23800 [1], loss: 742759.500000, acc: 0.00%, avg_loss: 1081270.127913, avg_acc: 73.08%
2017-12-27 22:17:28.487173: Iter: 24000 [1], loss: 5750738.000000, acc: 0.00%, avg_loss: 1081692.522115, avg_acc: 73.07%
2017-12-27 22:17:28.487595: 
Epoch 1: avg_Loss: 1081782.670670472551, avg_Acc: 73.072756063005
2017-12-27 22:17:28.487628: Learning rates changed LR: 0.000100 
2017-12-27 22:17:36.936965: Iter: 24200 [2], loss: 0.000000, acc: 1.00%, avg_loss: 840532.091250, avg_acc: 74.50%
2017-12-27 22:17:44.639660: Iter: 24400 [2], loss: 0.000000, acc: 1.00%, avg_loss: 821231.945625, avg_acc: 75.00%
2017-12-27 22:17:52.366954: Iter: 24600 [2], loss: 0.000000, acc: 1.00%, avg_loss: 910912.101250, avg_acc: 73.33%
2017-12-27 22:18:00.183443: Iter: 24800 [2], loss: 0.000000, acc: 1.00%, avg_loss: 879270.733750, avg_acc: 74.62%
2017-12-27 22:18:07.913008: Iter: 25000 [2], loss: 0.000000, acc: 1.00%, avg_loss: 902381.639750, avg_acc: 74.50%
2017-12-27 22:18:15.627272: Iter: 25200 [2], loss: 0.000000, acc: 1.00%, avg_loss: 895357.386042, avg_acc: 74.83%
2017-12-27 22:18:23.344974: Iter: 25400 [2], loss: 0.000000, acc: 1.00%, avg_loss: 875930.240536, avg_acc: 75.29%
2017-12-27 22:18:31.053944: Iter: 25600 [2], loss: 0.000000, acc: 1.00%, avg_loss: 917698.930937, avg_acc: 74.69%
2017-12-27 22:18:39.577236: Iter: 25800 [2], loss: 5300252.500000, acc: 0.00%, avg_loss: 910787.386528, avg_acc: 75.06%
2017-12-27 22:18:48.511317: Iter: 26000 [2], loss: 0.000000, acc: 1.00%, avg_loss: 928274.834000, avg_acc: 74.75%
2017-12-27 22:18:57.154983: Iter: 26200 [2], loss: 0.000000, acc: 1.00%, avg_loss: 908417.867500, avg_acc: 75.23%
2017-12-27 22:19:09.039857: Iter: 26400 [2], loss: 0.000000, acc: 1.00%, avg_loss: 893215.597656, avg_acc: 75.12%
2017-12-27 22:19:20.725232: Iter: 26600 [2], loss: 0.000000, acc: 1.00%, avg_loss: 904079.808029, avg_acc: 75.35%
2017-12-27 22:19:31.404274: Iter: 26800 [2], loss: 0.000000, acc: 1.00%, avg_loss: 903287.052098, avg_acc: 75.61%
2017-12-27 22:19:43.184168: Iter: 27000 [2], loss: 0.000000, acc: 1.00%, avg_loss: 918346.064875, avg_acc: 75.33%
2017-12-27 22:19:54.764410: Iter: 27200 [2], loss: 0.000000, acc: 1.00%, avg_loss: 912277.416602, avg_acc: 75.34%
2017-12-27 22:20:06.636424: Iter: 27400 [2], loss: 0.000000, acc: 1.00%, avg_loss: 920681.422390, avg_acc: 75.41%
2017-12-27 22:20:17.626472: Iter: 27600 [2], loss: 0.000000, acc: 1.00%, avg_loss: 915125.399132, avg_acc: 75.56%
2017-12-27 22:20:29.072412: Iter: 27800 [2], loss: 0.000000, acc: 1.00%, avg_loss: 922704.889803, avg_acc: 75.45%
2017-12-27 22:20:40.520638: Iter: 28000 [2], loss: 4819836.000000, acc: 0.00%, avg_loss: 931400.096875, avg_acc: 74.98%
2017-12-27 22:20:51.054747: Iter: 28200 [2], loss: 0.000000, acc: 1.00%, avg_loss: 937968.001429, avg_acc: 74.76%
2017-12-27 22:20:58.865646: Iter: 28400 [2], loss: 0.000000, acc: 1.00%, avg_loss: 939352.897500, avg_acc: 74.68%
2017-12-27 22:21:06.595758: Iter: 28600 [2], loss: 6541868.500000, acc: 0.00%, avg_loss: 942431.765652, avg_acc: 74.74%
2017-12-27 22:21:14.387076: Iter: 28800 [2], loss: 0.000000, acc: 1.00%, avg_loss: 931942.272813, avg_acc: 74.90%
2017-12-27 22:21:23.049215: Iter: 29000 [2], loss: 5481271.000000, acc: 0.00%, avg_loss: 930582.477950, avg_acc: 74.84%
2017-12-27 22:21:30.743110: Iter: 29200 [2], loss: 0.000000, acc: 1.00%, avg_loss: 928519.425337, avg_acc: 74.90%
2017-12-27 22:21:38.406405: Iter: 29400 [2], loss: 0.000000, acc: 1.00%, avg_loss: 928982.392176, avg_acc: 74.76%
2017-12-27 22:21:46.133263: Iter: 29600 [2], loss: 0.000000, acc: 1.00%, avg_loss: 932794.158393, avg_acc: 74.79%
2017-12-27 22:21:53.872686: Iter: 29800 [2], loss: 4564953.000000, acc: 0.00%, avg_loss: 934096.162457, avg_acc: 74.64%
2017-12-27 22:22:01.599127: Iter: 30000 [2], loss: 0.000000, acc: 1.00%, avg_loss: 934490.158625, avg_acc: 74.62%
2017-12-27 22:22:09.316206: Iter: 30200 [2], loss: 0.000000, acc: 1.00%, avg_loss: 934013.770161, avg_acc: 74.58%
2017-12-27 22:22:17.012519: Iter: 30400 [2], loss: 0.000000, acc: 1.00%, avg_loss: 923615.449453, avg_acc: 74.72%
2017-12-27 22:22:24.901203: Iter: 30600 [2], loss: 152281.000000, acc: 0.00%, avg_loss: 915218.468030, avg_acc: 74.76%
2017-12-27 22:22:32.797246: Iter: 30800 [2], loss: 0.000000, acc: 1.00%, avg_loss: 921069.424779, avg_acc: 74.68%
2017-12-27 22:22:40.624004: Iter: 31000 [2], loss: 0.000000, acc: 1.00%, avg_loss: 925857.239357, avg_acc: 74.57%
2017-12-27 22:22:48.523261: Iter: 31200 [2], loss: 0.000000, acc: 1.00%, avg_loss: 921121.275208, avg_acc: 74.60%
2017-12-27 22:22:56.362421: Iter: 31400 [2], loss: 0.000000, acc: 1.00%, avg_loss: 922829.404662, avg_acc: 74.49%
2017-12-27 22:23:04.320501: Iter: 31600 [2], loss: 0.000000, acc: 1.00%, avg_loss: 918094.173520, avg_acc: 74.61%
2017-12-27 22:23:12.221917: Iter: 31800 [2], loss: 4035276.500000, acc: 0.00%, avg_loss: 928267.120353, avg_acc: 74.46%
2017-12-27 22:23:19.923571: Iter: 32000 [2], loss: 0.000000, acc: 1.00%, avg_loss: 926564.705625, avg_acc: 74.38%
2017-12-27 22:23:27.647290: Iter: 32200 [2], loss: 0.000000, acc: 1.00%, avg_loss: 931111.115732, avg_acc: 74.30%
2017-12-27 22:23:35.363809: Iter: 32400 [2], loss: 0.000000, acc: 1.00%, avg_loss: 929402.255387, avg_acc: 74.29%
2017-12-27 22:23:43.123989: Iter: 32600 [2], loss: 0.000000, acc: 1.00%, avg_loss: 934670.556977, avg_acc: 74.27%
2017-12-27 22:23:50.824369: Iter: 32800 [2], loss: 65490.000000, acc: 0.00%, avg_loss: 933197.504432, avg_acc: 74.34%
2017-12-27 22:23:58.552537: Iter: 33000 [2], loss: 0.000000, acc: 1.00%, avg_loss: 934188.807667, avg_acc: 74.32%
2017-12-27 22:24:06.262515: Iter: 33200 [2], loss: 0.000000, acc: 1.00%, avg_loss: 941996.473071, avg_acc: 74.21%
2017-12-27 22:24:13.971380: Iter: 33400 [2], loss: 0.000000, acc: 1.00%, avg_loss: 948930.203191, avg_acc: 74.18%
2017-12-27 22:24:21.675890: Iter: 33600 [2], loss: 0.000000, acc: 1.00%, avg_loss: 949275.563464, avg_acc: 74.15%
2017-12-27 22:24:29.364293: Iter: 33800 [2], loss: 524990.500000, acc: 0.00%, avg_loss: 953400.717092, avg_acc: 74.11%
2017-12-27 22:24:37.061047: Iter: 34000 [2], loss: 0.000000, acc: 1.00%, avg_loss: 954468.871550, avg_acc: 74.10%
2017-12-27 22:24:44.802321: Iter: 34200 [2], loss: 0.000000, acc: 1.00%, avg_loss: 951400.667181, avg_acc: 74.17%
2017-12-27 22:24:52.497892: Iter: 34400 [2], loss: 0.000000, acc: 1.00%, avg_loss: 954752.552428, avg_acc: 74.11%
2017-12-27 22:25:00.199342: Iter: 34600 [2], loss: 0.000000, acc: 1.00%, avg_loss: 951098.078325, avg_acc: 74.08%
2017-12-27 22:25:07.902829: Iter: 34800 [2], loss: 0.000000, acc: 1.00%, avg_loss: 953630.502060, avg_acc: 74.06%
2017-12-27 22:25:15.601246: Iter: 35000 [2], loss: 2140436.000000, acc: 0.00%, avg_loss: 953220.137477, avg_acc: 74.09%
2017-12-27 22:25:23.296704: Iter: 35200 [2], loss: 0.000000, acc: 1.00%, avg_loss: 951282.399687, avg_acc: 74.09%
2017-12-27 22:25:30.994583: Iter: 35400 [2], loss: 0.000000, acc: 1.00%, avg_loss: 958259.998487, avg_acc: 74.09%
2017-12-27 22:25:38.739557: Iter: 35600 [2], loss: 0.000000, acc: 1.00%, avg_loss: 955301.675259, avg_acc: 74.14%
2017-12-27 22:25:46.507291: Iter: 35800 [2], loss: 2978902.750000, acc: 0.00%, avg_loss: 952586.762331, avg_acc: 74.19%
2017-12-27 22:25:54.517742: Iter: 36000 [2], loss: 0.000000, acc: 1.00%, avg_loss: 953860.890250, avg_acc: 74.17%
2017-12-27 22:25:54.517979: 
Epoch 2: avg_Loss: 953940.385282106814, avg_Acc: 74.181181765147
2017-12-27 22:25:54.518020: Learning rates changed LR: 0.000010 
2017-12-27 22:26:03.020427: Iter: 36200 [3], loss: 0.000000, acc: 1.00%, avg_loss: 732924.161250, avg_acc: 73.50%
2017-12-27 22:26:10.716326: Iter: 36400 [3], loss: 0.000000, acc: 1.00%, avg_loss: 828239.231250, avg_acc: 73.75%
2017-12-27 22:26:18.414047: Iter: 36600 [3], loss: 0.000000, acc: 1.00%, avg_loss: 902931.537083, avg_acc: 73.50%
2017-12-27 22:26:26.114156: Iter: 36800 [3], loss: 0.000000, acc: 1.00%, avg_loss: 912072.118750, avg_acc: 73.88%
2017-12-27 22:26:33.799538: Iter: 37000 [3], loss: 6528885.500000, acc: 0.00%, avg_loss: 914565.549250, avg_acc: 74.30%
2017-12-27 22:26:41.483846: Iter: 37200 [3], loss: 0.000000, acc: 1.00%, avg_loss: 922432.201250, avg_acc: 73.75%
2017-12-27 22:26:49.163073: Iter: 37400 [3], loss: 1413600.500000, acc: 0.00%, avg_loss: 937952.051429, avg_acc: 73.57%
2017-12-27 22:26:56.828174: Iter: 37600 [3], loss: 1728938.500000, acc: 0.00%, avg_loss: 941977.520469, avg_acc: 73.62%
2017-12-27 22:27:04.503562: Iter: 37800 [3], loss: 0.000000, acc: 1.00%, avg_loss: 924082.022639, avg_acc: 73.61%
2017-12-27 22:27:12.184443: Iter: 38000 [3], loss: 0.000000, acc: 1.00%, avg_loss: 898415.140000, avg_acc: 74.15%
2017-12-27 22:27:19.869371: Iter: 38200 [3], loss: 0.000000, acc: 1.00%, avg_loss: 886885.817500, avg_acc: 74.59%
2017-12-27 22:27:27.558048: Iter: 38400 [3], loss: 0.000000, acc: 1.00%, avg_loss: 900609.776979, avg_acc: 74.46%
2017-12-27 22:27:35.250894: Iter: 38600 [3], loss: 0.000000, acc: 1.00%, avg_loss: 905477.127115, avg_acc: 73.96%
2017-12-27 22:27:42.932856: Iter: 38800 [3], loss: 514868.500000, acc: 0.00%, avg_loss: 910093.725982, avg_acc: 74.04%
2017-12-27 22:27:50.621209: Iter: 39000 [3], loss: 4029757.000000, acc: 0.00%, avg_loss: 905558.125833, avg_acc: 73.93%
2017-12-27 22:27:58.310652: Iter: 39200 [3], loss: 0.000000, acc: 1.00%, avg_loss: 897094.804844, avg_acc: 74.34%
2017-12-27 22:28:06.002273: Iter: 39400 [3], loss: 0.000000, acc: 1.00%, avg_loss: 896671.433456, avg_acc: 74.32%
2017-12-27 22:28:13.692387: Iter: 39600 [3], loss: 0.000000, acc: 1.00%, avg_loss: 889841.202917, avg_acc: 74.25%
2017-12-27 22:28:21.381997: Iter: 39800 [3], loss: 2238507.000000, acc: 0.00%, avg_loss: 914564.048355, avg_acc: 74.08%
2017-12-27 22:28:29.078318: Iter: 40000 [3], loss: 0.000000, acc: 1.00%, avg_loss: 902418.951938, avg_acc: 74.22%
2017-12-27 22:28:36.778779: Iter: 40200 [3], loss: 2605547.000000, acc: 0.00%, avg_loss: 911178.711369, avg_acc: 74.07%
2017-12-27 22:28:44.472675: Iter: 40400 [3], loss: 6813948.000000, acc: 0.00%, avg_loss: 916611.790057, avg_acc: 74.16%
2017-12-27 22:28:53.574472: Iter: 40600 [3], loss: 0.000000, acc: 1.00%, avg_loss: 917723.079620, avg_acc: 74.22%
2017-12-27 22:29:02.214494: Iter: 40800 [3], loss: 0.000000, acc: 1.00%, avg_loss: 920293.408021, avg_acc: 74.25%
2017-12-27 22:29:11.272048: Iter: 41000 [3], loss: 0.000000, acc: 1.00%, avg_loss: 931577.861700, avg_acc: 74.18%
2017-12-27 22:29:19.102673: Iter: 41200 [3], loss: 0.000000, acc: 1.00%, avg_loss: 942065.724808, avg_acc: 74.13%
2017-12-27 22:29:27.116793: Iter: 41400 [3], loss: 0.000000, acc: 1.00%, avg_loss: 941730.799213, avg_acc: 74.17%
2017-12-27 22:29:34.912925: Iter: 41600 [3], loss: 0.000000, acc: 1.00%, avg_loss: 948063.146719, avg_acc: 74.23%
2017-12-27 22:29:42.701106: Iter: 41800 [3], loss: 1988270.500000, acc: 0.00%, avg_loss: 954613.059806, avg_acc: 74.24%
2017-12-27 22:29:50.489056: Iter: 42000 [3], loss: 0.000000, acc: 1.00%, avg_loss: 958141.659687, avg_acc: 74.12%
2017-12-27 22:29:58.272185: Iter: 42200 [3], loss: 0.000000, acc: 1.00%, avg_loss: 958982.905464, avg_acc: 74.11%
2017-12-27 22:30:06.059290: Iter: 42400 [3], loss: 0.000000, acc: 1.00%, avg_loss: 965937.096895, avg_acc: 74.12%
2017-12-27 22:30:13.849406: Iter: 42600 [3], loss: 0.000000, acc: 1.00%, avg_loss: 956047.412557, avg_acc: 74.36%
2017-12-27 22:30:21.711588: Iter: 42800 [3], loss: 0.000000, acc: 1.00%, avg_loss: 958129.973879, avg_acc: 74.31%
2017-12-27 22:30:29.524188: Iter: 43000 [3], loss: 0.000000, acc: 1.00%, avg_loss: 953073.003946, avg_acc: 74.31%
2017-12-27 22:30:37.328647: Iter: 43200 [3], loss: 797639.000000, acc: 0.00%, avg_loss: 963786.050226, avg_acc: 74.22%
2017-12-27 22:30:45.145988: Iter: 43400 [3], loss: 0.000000, acc: 1.00%, avg_loss: 960761.256875, avg_acc: 74.22%
2017-12-27 22:30:52.943507: Iter: 43600 [3], loss: 0.000000, acc: 1.00%, avg_loss: 966484.651365, avg_acc: 74.14%
2017-12-27 22:31:00.751832: Iter: 43800 [3], loss: 0.000000, acc: 1.00%, avg_loss: 970177.317997, avg_acc: 74.08%
2017-12-27 22:31:08.548278: Iter: 44000 [3], loss: 4354923.500000, acc: 0.00%, avg_loss: 962084.891234, avg_acc: 74.25%
2017-12-27 22:31:16.353004: Iter: 44200 [3], loss: 0.000000, acc: 1.00%, avg_loss: 965923.110152, avg_acc: 74.22%
2017-12-27 22:31:24.160986: Iter: 44400 [3], loss: 7458420.000000, acc: 0.00%, avg_loss: 967447.520506, avg_acc: 74.10%
2017-12-27 22:31:31.959338: Iter: 44600 [3], loss: 0.000000, acc: 1.00%, avg_loss: 964574.875785, avg_acc: 74.05%
2017-12-27 22:31:39.754040: Iter: 44800 [3], loss: 7403790.500000, acc: 0.00%, avg_loss: 963519.287472, avg_acc: 74.08%
2017-12-27 22:31:47.554086: Iter: 45000 [3], loss: 0.000000, acc: 1.00%, avg_loss: 968881.490917, avg_acc: 73.94%
2017-12-27 22:31:55.375428: Iter: 45200 [3], loss: 11984463.000000, acc: 0.00%, avg_loss: 969049.976141, avg_acc: 73.98%
2017-12-27 22:32:03.635878: Iter: 45400 [3], loss: 0.000000, acc: 1.00%, avg_loss: 973988.703856, avg_acc: 73.91%
2017-12-27 22:32:13.025161: Iter: 45600 [3], loss: 7037605.500000, acc: 0.00%, avg_loss: 973171.073724, avg_acc: 73.96%
2017-12-27 22:32:20.804145: Iter: 45800 [3], loss: 0.000000, acc: 1.00%, avg_loss: 969711.201071, avg_acc: 74.04%
2017-12-27 22:32:28.618120: Iter: 46000 [3], loss: 8451364.000000, acc: 0.00%, avg_loss: 968756.219525, avg_acc: 74.12%
2017-12-27 22:32:36.443969: Iter: 46200 [3], loss: 0.000000, acc: 1.00%, avg_loss: 967132.304265, avg_acc: 74.20%
2017-12-27 22:32:44.144323: Iter: 46400 [3], loss: 0.000000, acc: 1.00%, avg_loss: 969640.319231, avg_acc: 74.16%
2017-12-27 22:32:51.832789: Iter: 46600 [3], loss: 0.000000, acc: 1.00%, avg_loss: 964142.147028, avg_acc: 74.21%
2017-12-27 22:32:59.526912: Iter: 46800 [3], loss: 17670354.000000, acc: 0.00%, avg_loss: 962914.646204, avg_acc: 74.19%
2017-12-27 22:33:07.224770: Iter: 47000 [3], loss: 0.000000, acc: 1.00%, avg_loss: 962461.435602, avg_acc: 74.14%
2017-12-27 22:33:14.917081: Iter: 47200 [3], loss: 0.000000, acc: 1.00%, avg_loss: 966870.618292, avg_acc: 74.11%
2017-12-27 22:33:22.617713: Iter: 47400 [3], loss: 1489022.000000, acc: 0.00%, avg_loss: 962343.520866, avg_acc: 74.12%
2017-12-27 22:33:30.307142: Iter: 47600 [3], loss: 0.000000, acc: 1.00%, avg_loss: 960435.112446, avg_acc: 74.12%
2017-12-27 22:33:38.001411: Iter: 47800 [3], loss: 0.000000, acc: 1.00%, avg_loss: 957011.132701, avg_acc: 74.15%
2017-12-27 22:33:45.699774: Iter: 48000 [3], loss: 0.000000, acc: 1.00%, avg_loss: 953812.660937, avg_acc: 74.17%
2017-12-27 22:33:45.700209: 
Epoch 3: avg_Loss: 953892.151950162486, avg_Acc: 74.172847737311
2017-12-27 22:33:45.700249: Learning rates changed LR: 0.000001 
2017-12-27 22:33:54.143471: Iter: 48200 [4], loss: 1393406.000000, acc: 0.00%, avg_loss: 1184223.571250, avg_acc: 69.50%
2017-12-27 22:34:01.831031: Iter: 48400 [4], loss: 0.000000, acc: 1.00%, avg_loss: 1068320.068125, avg_acc: 70.75%
2017-12-27 22:34:09.509623: Iter: 48600 [4], loss: 4442025.000000, acc: 0.00%, avg_loss: 1064714.824167, avg_acc: 72.67%
2017-12-27 22:34:17.170341: Iter: 48800 [4], loss: 0.000000, acc: 1.00%, avg_loss: 1046395.366563, avg_acc: 72.50%
2017-12-27 22:34:24.842361: Iter: 49000 [4], loss: 0.000000, acc: 1.00%, avg_loss: 1079728.651625, avg_acc: 71.50%
2017-12-27 22:34:32.525803: Iter: 49200 [4], loss: 0.000000, acc: 1.00%, avg_loss: 1033170.790104, avg_acc: 71.92%
2017-12-27 22:34:40.207403: Iter: 49400 [4], loss: 0.000000, acc: 1.00%, avg_loss: 1062656.038125, avg_acc: 72.29%
2017-12-27 22:34:47.886128: Iter: 49600 [4], loss: 0.000000, acc: 1.00%, avg_loss: 1050600.497344, avg_acc: 72.81%
2017-12-27 22:34:55.564371: Iter: 49800 [4], loss: 2138685.000000, acc: 0.00%, avg_loss: 1052078.800694, avg_acc: 72.83%
2017-12-27 22:35:03.248321: Iter: 50000 [4], loss: 747287.000000, acc: 0.00%, avg_loss: 1032684.309125, avg_acc: 73.10%
2017-12-27 22:35:10.928140: Iter: 50200 [4], loss: 0.000000, acc: 1.00%, avg_loss: 1024672.730682, avg_acc: 73.50%
2017-12-27 22:35:18.604702: Iter: 50400 [4], loss: 239517.000000, acc: 0.00%, avg_loss: 1036046.485833, avg_acc: 73.33%
2017-12-27 22:35:26.280881: Iter: 50600 [4], loss: 8803840.000000, acc: 0.00%, avg_loss: 1019454.835962, avg_acc: 73.69%
2017-12-27 22:35:33.952889: Iter: 50800 [4], loss: 0.000000, acc: 1.00%, avg_loss: 1001181.466696, avg_acc: 73.89%
2017-12-27 22:35:41.875449: Iter: 51000 [4], loss: 1290800.000000, acc: 0.00%, avg_loss: 993038.421167, avg_acc: 73.70%
2017-12-27 22:35:49.678770: Iter: 51200 [4], loss: 8822718.000000, acc: 0.00%, avg_loss: 970512.252578, avg_acc: 74.00%
2017-12-27 22:35:57.483687: Iter: 51400 [4], loss: 2645438.500000, acc: 0.00%, avg_loss: 970226.071912, avg_acc: 73.88%
2017-12-27 22:36:05.943225: Iter: 51600 [4], loss: 0.000000, acc: 1.00%, avg_loss: 973439.725069, avg_acc: 74.00%
2017-12-27 22:36:13.732355: Iter: 51800 [4], loss: 0.000000, acc: 1.00%, avg_loss: 990984.364145, avg_acc: 73.55%
2017-12-27 22:36:21.591017: Iter: 52000 [4], loss: 0.000000, acc: 1.00%, avg_loss: 990004.082375, avg_acc: 73.72%
2017-12-27 22:36:29.307738: Iter: 52200 [4], loss: 1370654.500000, acc: 0.00%, avg_loss: 982230.507857, avg_acc: 73.74%
2017-12-27 22:36:36.954987: Iter: 52400 [4], loss: 0.000000, acc: 1.00%, avg_loss: 984206.898239, avg_acc: 73.57%
2017-12-27 22:36:44.689593: Iter: 52600 [4], loss: 0.000000, acc: 1.00%, avg_loss: 993202.394620, avg_acc: 73.63%
2017-12-27 22:36:52.397409: Iter: 52800 [4], loss: 101468.000000, acc: 0.00%, avg_loss: 988486.169635, avg_acc: 73.58%
2017-12-27 22:37:00.082384: Iter: 53000 [4], loss: 0.000000, acc: 1.00%, avg_loss: 987264.227450, avg_acc: 73.66%
2017-12-27 22:37:07.784131: Iter: 53200 [4], loss: 1251053.000000, acc: 0.00%, avg_loss: 991759.924135, avg_acc: 73.58%
2017-12-27 22:37:15.484506: Iter: 53400 [4], loss: 0.000000, acc: 1.00%, avg_loss: 989144.657847, avg_acc: 73.48%
2017-12-27 22:37:23.161889: Iter: 53600 [4], loss: 0.000000, acc: 1.00%, avg_loss: 982770.107210, avg_acc: 73.64%
2017-12-27 22:37:30.827750: Iter: 53800 [4], loss: 0.000000, acc: 1.00%, avg_loss: 973004.269892, avg_acc: 73.83%
2017-12-27 22:37:38.518236: Iter: 54000 [4], loss: 0.000000, acc: 1.00%, avg_loss: 964594.474896, avg_acc: 73.98%
2017-12-27 22:37:46.247803: Iter: 54200 [4], loss: 0.000000, acc: 1.00%, avg_loss: 966557.638690, avg_acc: 73.94%
2017-12-27 22:37:53.973814: Iter: 54400 [4], loss: 5020931.000000, acc: 0.00%, avg_loss: 966557.221895, avg_acc: 73.92%
2017-12-27 22:38:01.694766: Iter: 54600 [4], loss: 0.000000, acc: 1.00%, avg_loss: 969206.423390, avg_acc: 73.94%
2017-12-27 22:38:09.406921: Iter: 54800 [4], loss: 443692.000000, acc: 0.00%, avg_loss: 971815.210496, avg_acc: 73.87%
2017-12-27 22:38:17.130557: Iter: 55000 [4], loss: 0.000000, acc: 1.00%, avg_loss: 968031.711054, avg_acc: 73.90%
2017-12-27 22:38:24.832511: Iter: 55200 [4], loss: 2319680.500000, acc: 0.00%, avg_loss: 967118.905156, avg_acc: 73.97%
2017-12-27 22:38:33.067095: Iter: 55400 [4], loss: 0.000000, acc: 1.00%, avg_loss: 967204.820524, avg_acc: 73.99%
2017-12-27 22:38:40.742570: Iter: 55600 [4], loss: 8160693.000000, acc: 0.00%, avg_loss: 963746.180000, avg_acc: 74.12%
2017-12-27 22:38:48.397363: Iter: 55800 [4], loss: 0.000000, acc: 1.00%, avg_loss: 965685.680096, avg_acc: 74.00%
2017-12-27 22:38:56.056985: Iter: 56000 [4], loss: 0.000000, acc: 1.00%, avg_loss: 965013.233250, avg_acc: 74.00%
2017-12-27 22:39:03.778711: Iter: 56200 [4], loss: 0.000000, acc: 1.00%, avg_loss: 966110.092896, avg_acc: 73.96%
2017-12-27 22:39:11.489811: Iter: 56400 [4], loss: 1722419.000000, acc: 0.00%, avg_loss: 970397.066190, avg_acc: 73.87%
2017-12-27 22:39:19.208854: Iter: 56600 [4], loss: 0.000000, acc: 1.00%, avg_loss: 964932.466948, avg_acc: 73.98%
2017-12-27 22:39:26.918529: Iter: 56800 [4], loss: 0.000000, acc: 1.00%, avg_loss: 967586.641136, avg_acc: 73.92%
2017-12-27 22:39:34.626060: Iter: 57000 [4], loss: 3288592.500000, acc: 0.00%, avg_loss: 970106.917361, avg_acc: 73.90%
2017-12-27 22:39:42.338551: Iter: 57200 [4], loss: 0.000000, acc: 1.00%, avg_loss: 971455.516087, avg_acc: 73.83%
2017-12-27 22:39:50.079805: Iter: 57400 [4], loss: 0.000000, acc: 1.00%, avg_loss: 970832.169574, avg_acc: 73.88%
2017-12-27 22:39:57.802613: Iter: 57600 [4], loss: 0.000000, acc: 1.00%, avg_loss: 967518.720443, avg_acc: 73.92%
2017-12-27 22:40:05.525865: Iter: 57800 [4], loss: 0.000000, acc: 1.00%, avg_loss: 968886.293061, avg_acc: 73.91%
2017-12-27 22:40:13.264048: Iter: 58000 [4], loss: 0.000000, acc: 1.00%, avg_loss: 971629.248025, avg_acc: 73.87%
2017-12-27 22:40:20.999493: Iter: 58200 [4], loss: 0.000000, acc: 1.00%, avg_loss: 973655.872941, avg_acc: 73.83%
2017-12-27 22:40:28.736001: Iter: 58400 [4], loss: 0.000000, acc: 1.00%, avg_loss: 969185.460529, avg_acc: 73.92%
2017-12-27 22:40:36.465570: Iter: 58600 [4], loss: 0.000000, acc: 1.00%, avg_loss: 966336.199953, avg_acc: 73.98%
2017-12-27 22:40:44.192304: Iter: 58800 [4], loss: 3924678.000000, acc: 0.00%, avg_loss: 966853.705162, avg_acc: 73.94%
2017-12-27 22:40:51.924742: Iter: 59000 [4], loss: 5435824.500000, acc: 0.00%, avg_loss: 966739.173295, avg_acc: 73.92%
