2017-12-27 22:41:55.069601: softmax classifer
2017-12-27 22:41:55.069658: Learning rates LR: 50.000000 
2017-12-27 22:42:02.909211: Iter: 200 [0], loss: 16141342.000000, acc: 0.00%, avg_loss: 6657670.773462, avg_acc: 14.50%
2017-12-27 22:42:10.640971: Iter: 400 [0], loss: 19014530.000000, acc: 0.00%, avg_loss: 6323422.936731, avg_acc: 19.50%
2017-12-27 22:42:18.394881: Iter: 600 [0], loss: 0.000000, acc: 1.00%, avg_loss: 6238846.195321, avg_acc: 21.67%
2017-12-27 22:42:26.128038: Iter: 800 [0], loss: 2162239.000000, acc: 0.00%, avg_loss: 6012857.250553, avg_acc: 23.25%
2017-12-27 22:42:33.903019: Iter: 1000 [0], loss: 0.000000, acc: 1.00%, avg_loss: 5875551.940942, avg_acc: 26.50%
2017-12-27 22:42:41.621284: Iter: 1200 [0], loss: 1883134.000000, acc: 0.00%, avg_loss: 5762514.071098, avg_acc: 27.25%
2017-12-27 22:42:49.348235: Iter: 1400 [0], loss: 6557783.000000, acc: 0.00%, avg_loss: 5819804.512905, avg_acc: 28.43%
2017-12-27 22:42:57.061654: Iter: 1600 [0], loss: 25053386.000000, acc: 0.00%, avg_loss: 5994362.951761, avg_acc: 28.94%
2017-12-27 22:43:04.861722: Iter: 1800 [0], loss: 0.000000, acc: 1.00%, avg_loss: 6000446.051426, avg_acc: 30.06%
2017-12-27 22:43:12.755662: Iter: 2000 [0], loss: 13753838.000000, acc: 0.00%, avg_loss: 5980330.377409, avg_acc: 30.20%
2017-12-27 22:43:20.626226: Iter: 2200 [0], loss: 0.000000, acc: 1.00%, avg_loss: 5849138.652190, avg_acc: 30.95%
2017-12-27 22:43:28.520807: Iter: 2400 [0], loss: 4657707.000000, acc: 0.00%, avg_loss: 5862805.281799, avg_acc: 31.00%
2017-12-27 22:43:36.401937: Iter: 2600 [0], loss: 7595279.500000, acc: 0.00%, avg_loss: 5843031.225411, avg_acc: 31.19%
2017-12-27 22:43:44.270793: Iter: 2800 [0], loss: 24227616.000000, acc: 0.00%, avg_loss: 5896940.029845, avg_acc: 31.32%
2017-12-27 22:43:52.153494: Iter: 3000 [0], loss: 8027443.000000, acc: 0.00%, avg_loss: 5889440.402356, avg_acc: 31.60%
2017-12-27 22:44:00.023290: Iter: 3200 [0], loss: 5793019.500000, acc: 0.00%, avg_loss: 5777110.236896, avg_acc: 32.19%
2017-12-27 22:44:07.887603: Iter: 3400 [0], loss: 7300078.000000, acc: 0.00%, avg_loss: 5704024.841932, avg_acc: 33.03%
2017-12-27 22:44:15.756016: Iter: 3600 [0], loss: 4172820.000000, acc: 0.00%, avg_loss: 5716305.460713, avg_acc: 33.19%
2017-12-27 22:44:23.598476: Iter: 3800 [0], loss: 0.000000, acc: 1.00%, avg_loss: 5636620.914886, avg_acc: 33.84%
2017-12-27 22:44:31.412289: Iter: 4000 [0], loss: 16731919.000000, acc: 0.00%, avg_loss: 5641226.521767, avg_acc: 34.08%
2017-12-27 22:44:39.223985: Iter: 4200 [0], loss: 9798186.000000, acc: 0.00%, avg_loss: 5652453.839183, avg_acc: 34.36%
2017-12-27 22:44:47.051321: Iter: 4400 [0], loss: 0.000000, acc: 1.00%, avg_loss: 5659630.469447, avg_acc: 34.61%
2017-12-27 22:44:54.875687: Iter: 4600 [0], loss: 22265258.000000, acc: 0.00%, avg_loss: 5676922.036536, avg_acc: 34.83%
2017-12-27 22:45:02.702612: Iter: 4800 [0], loss: 13533406.000000, acc: 0.00%, avg_loss: 5630741.293399, avg_acc: 35.27%
2017-12-27 22:45:10.557372: Iter: 5000 [0], loss: 0.000000, acc: 1.00%, avg_loss: 5609055.594863, avg_acc: 35.60%
2017-12-27 22:45:18.406829: Iter: 5200 [0], loss: 0.000000, acc: 1.00%, avg_loss: 5592624.763811, avg_acc: 35.71%
2017-12-27 22:45:26.329929: Iter: 5400 [0], loss: 4625408.500000, acc: 0.00%, avg_loss: 5580831.129596, avg_acc: 35.91%
2017-12-27 22:45:34.153306: Iter: 5600 [0], loss: 0.000000, acc: 1.00%, avg_loss: 5592072.613762, avg_acc: 36.00%
2017-12-27 22:45:41.945539: Iter: 5800 [0], loss: 2281822.000000, acc: 0.00%, avg_loss: 5584003.620012, avg_acc: 36.22%
2017-12-27 22:45:49.840622: Iter: 6000 [0], loss: 0.000000, acc: 1.00%, avg_loss: 5584258.884928, avg_acc: 36.38%
2017-12-27 22:45:57.717003: Iter: 6200 [0], loss: 8574573.000000, acc: 0.00%, avg_loss: 5539639.930737, avg_acc: 36.82%
2017-12-27 22:46:05.544265: Iter: 6400 [0], loss: 0.000000, acc: 1.00%, avg_loss: 5479767.048526, avg_acc: 37.23%
2017-12-27 22:46:13.692401: Iter: 6600 [0], loss: 37176480.000000, acc: 0.00%, avg_loss: 5459425.315730, avg_acc: 37.41%
2017-12-27 22:46:22.040030: Iter: 6800 [0], loss: 0.000000, acc: 1.00%, avg_loss: 5448374.161922, avg_acc: 37.53%
2017-12-27 22:46:29.907351: Iter: 7000 [0], loss: 0.000000, acc: 1.00%, avg_loss: 5428346.240545, avg_acc: 37.74%
2017-12-27 22:46:37.777873: Iter: 7200 [0], loss: 13516270.000000, acc: 0.00%, avg_loss: 5427563.704454, avg_acc: 37.94%
2017-12-27 22:46:45.783102: Iter: 7400 [0], loss: 7822327.500000, acc: 0.00%, avg_loss: 5412233.250009, avg_acc: 38.22%
2017-12-27 22:46:53.624604: Iter: 7600 [0], loss: 0.000000, acc: 1.00%, avg_loss: 5400181.947311, avg_acc: 38.39%
2017-12-27 22:47:01.402174: Iter: 7800 [0], loss: 2470058.000000, acc: 0.00%, avg_loss: 5379634.967925, avg_acc: 38.62%
2017-12-27 22:47:09.221593: Iter: 8000 [0], loss: 0.000000, acc: 1.00%, avg_loss: 5342347.858383, avg_acc: 38.90%
2017-12-27 22:47:16.972206: Iter: 8200 [0], loss: 0.000000, acc: 1.00%, avg_loss: 5351433.234398, avg_acc: 39.13%
2017-12-27 22:47:24.822862: Iter: 8400 [0], loss: 8837356.000000, acc: 0.00%, avg_loss: 5349479.237568, avg_acc: 39.37%
2017-12-27 22:47:32.598467: Iter: 8600 [0], loss: 9701506.000000, acc: 0.00%, avg_loss: 5346881.752740, avg_acc: 39.60%
2017-12-27 22:47:40.440064: Iter: 8800 [0], loss: 1448660.000000, acc: 0.00%, avg_loss: 5326621.211172, avg_acc: 39.83%
2017-12-27 22:47:48.161045: Iter: 9000 [0], loss: 0.000000, acc: 1.00%, avg_loss: 5346359.489980, avg_acc: 39.87%
2017-12-27 22:47:55.950285: Iter: 9200 [0], loss: 11826852.000000, acc: 0.00%, avg_loss: 5323069.271611, avg_acc: 40.03%
2017-12-27 22:48:03.645371: Iter: 9400 [0], loss: 9367622.000000, acc: 0.00%, avg_loss: 5316819.291204, avg_acc: 40.18%
2017-12-27 22:48:11.350512: Iter: 9600 [0], loss: 486502.000000, acc: 0.00%, avg_loss: 5286190.779929, avg_acc: 40.45%
2017-12-27 22:48:19.043411: Iter: 9800 [0], loss: 0.000000, acc: 1.00%, avg_loss: 5253018.937124, avg_acc: 40.66%
2017-12-27 22:48:26.760311: Iter: 10000 [0], loss: 19685190.000000, acc: 0.00%, avg_loss: 5253650.348082, avg_acc: 40.76%
2017-12-27 22:48:34.483877: Iter: 10200 [0], loss: 2294732.000000, acc: 0.00%, avg_loss: 5234517.034982, avg_acc: 40.99%
2017-12-27 22:48:42.190989: Iter: 10400 [0], loss: 0.000000, acc: 1.00%, avg_loss: 5225644.867771, avg_acc: 41.22%
2017-12-27 22:48:49.903586: Iter: 10600 [0], loss: 8713174.000000, acc: 0.00%, avg_loss: 5197373.801587, avg_acc: 41.43%
2017-12-27 22:48:57.614565: Iter: 10800 [0], loss: 0.000000, acc: 1.00%, avg_loss: 5164604.250238, avg_acc: 41.76%
2017-12-27 22:49:05.356064: Iter: 11000 [0], loss: 0.000000, acc: 1.00%, avg_loss: 5179678.362415, avg_acc: 41.77%
2017-12-27 22:49:13.108294: Iter: 11200 [0], loss: 3702929.000000, acc: 0.00%, avg_loss: 5165369.999113, avg_acc: 41.86%
2017-12-27 22:49:20.842386: Iter: 11400 [0], loss: 0.000000, acc: 1.00%, avg_loss: 5153472.058690, avg_acc: 42.05%
2017-12-27 22:49:28.566130: Iter: 11600 [0], loss: 0.000000, acc: 1.00%, avg_loss: 5135933.854445, avg_acc: 42.28%
2017-12-27 22:49:36.240751: Iter: 11800 [0], loss: 16570656.000000, acc: 0.00%, avg_loss: 5136881.497294, avg_acc: 42.41%
2017-12-27 22:49:43.998161: Iter: 12000 [0], loss: 0.000000, acc: 1.00%, avg_loss: 5119464.576235, avg_acc: 42.58%
2017-12-27 22:49:43.998366: 
Epoch 0: avg_Loss: 5119891.233837601729, avg_Acc: 42.586882240187
2017-12-27 22:49:43.998405: Learning rates changed LR: 1.000000 
2017-12-27 22:49:52.413624: Iter: 12200 [1], loss: 0.000000, acc: 1.00%, avg_loss: 5774095.556250, avg_acc: 38.00%
2017-12-27 22:50:00.124309: Iter: 12400 [1], loss: 0.000000, acc: 1.00%, avg_loss: 3725794.410625, avg_acc: 53.25%
2017-12-27 22:50:07.934785: Iter: 12600 [1], loss: 3162940.500000, acc: 0.00%, avg_loss: 2994768.926250, avg_acc: 58.50%
2017-12-27 22:50:15.665014: Iter: 12800 [1], loss: 0.000000, acc: 1.00%, avg_loss: 2476673.759063, avg_acc: 62.38%
2017-12-27 22:50:23.482359: Iter: 13000 [1], loss: 0.000000, acc: 1.00%, avg_loss: 2183727.256750, avg_acc: 64.70%
2017-12-27 22:50:31.816701: Iter: 13200 [1], loss: 0.000000, acc: 1.00%, avg_loss: 2020299.187500, avg_acc: 66.08%
2017-12-27 22:50:39.419997: Iter: 13400 [1], loss: 8179944.000000, acc: 0.00%, avg_loss: 1878548.954107, avg_acc: 67.43%
2017-12-27 22:50:47.027989: Iter: 13600 [1], loss: 0.000000, acc: 1.00%, avg_loss: 1819482.438594, avg_acc: 67.31%
2017-12-27 22:50:54.665733: Iter: 13800 [1], loss: 0.000000, acc: 1.00%, avg_loss: 1715089.828611, avg_acc: 68.06%
2017-12-27 22:51:02.320468: Iter: 14000 [1], loss: 474233.000000, acc: 0.00%, avg_loss: 1668775.221250, avg_acc: 68.10%
2017-12-27 22:51:09.992774: Iter: 14200 [1], loss: 0.000000, acc: 1.00%, avg_loss: 1592315.369318, avg_acc: 68.77%
2017-12-27 22:51:17.708842: Iter: 14400 [1], loss: 3919497.500000, acc: 0.00%, avg_loss: 1534869.865729, avg_acc: 69.38%
2017-12-27 22:51:25.419743: Iter: 14600 [1], loss: 1353891.000000, acc: 0.00%, avg_loss: 1488532.014904, avg_acc: 69.81%
2017-12-27 22:51:33.149922: Iter: 14800 [1], loss: 0.000000, acc: 1.00%, avg_loss: 1447720.933661, avg_acc: 70.11%
2017-12-27 22:51:40.842054: Iter: 15000 [1], loss: 2000153.500000, acc: 0.00%, avg_loss: 1436716.462500, avg_acc: 70.27%
2017-12-27 22:51:48.688805: Iter: 15200 [1], loss: 0.000000, acc: 1.00%, avg_loss: 1388710.229453, avg_acc: 70.81%
2017-12-27 22:51:56.366804: Iter: 15400 [1], loss: 0.000000, acc: 1.00%, avg_loss: 1346850.779632, avg_acc: 71.00%
2017-12-27 22:52:04.072430: Iter: 15600 [1], loss: 0.000000, acc: 1.00%, avg_loss: 1319156.205069, avg_acc: 71.36%
2017-12-27 22:52:11.777909: Iter: 15800 [1], loss: 0.000000, acc: 1.00%, avg_loss: 1297250.331053, avg_acc: 71.58%
2017-12-27 22:52:19.473204: Iter: 16000 [1], loss: 0.000000, acc: 1.00%, avg_loss: 1275869.146437, avg_acc: 71.67%
2017-12-27 22:52:27.183459: Iter: 16200 [1], loss: 138181.500000, acc: 0.00%, avg_loss: 1257335.775000, avg_acc: 71.90%
2017-12-27 22:52:34.884796: Iter: 16400 [1], loss: 2291444.750000, acc: 0.00%, avg_loss: 1251328.615739, avg_acc: 71.84%
2017-12-27 22:52:42.589997: Iter: 16600 [1], loss: 0.000000, acc: 1.00%, avg_loss: 1238735.712228, avg_acc: 71.74%
2017-12-27 22:52:50.364169: Iter: 16800 [1], loss: 8092412.000000, acc: 0.00%, avg_loss: 1229985.305885, avg_acc: 71.73%
2017-12-27 22:52:58.152165: Iter: 17000 [1], loss: 5306510.500000, acc: 0.00%, avg_loss: 1206841.784550, avg_acc: 72.00%
2017-12-27 22:53:05.896242: Iter: 17200 [1], loss: 0.000000, acc: 1.00%, avg_loss: 1214495.249615, avg_acc: 71.87%
2017-12-27 22:53:13.643442: Iter: 17400 [1], loss: 0.000000, acc: 1.00%, avg_loss: 1206226.097778, avg_acc: 71.87%
2017-12-27 22:53:21.393155: Iter: 17600 [1], loss: 0.000000, acc: 1.00%, avg_loss: 1196850.958527, avg_acc: 71.93%
2017-12-27 22:53:29.122709: Iter: 17800 [1], loss: 0.000000, acc: 1.00%, avg_loss: 1200193.479483, avg_acc: 71.91%
2017-12-27 22:53:36.868513: Iter: 18000 [1], loss: 369901.250000, acc: 0.00%, avg_loss: 1186434.064500, avg_acc: 72.13%
2017-12-27 22:53:44.995778: Iter: 18200 [1], loss: 0.000000, acc: 1.00%, avg_loss: 1175438.978548, avg_acc: 72.24%
2017-12-27 22:53:52.693504: Iter: 18400 [1], loss: 0.000000, acc: 1.00%, avg_loss: 1163531.666133, avg_acc: 72.38%
2017-12-27 22:54:00.406376: Iter: 18600 [1], loss: 644997.000000, acc: 0.00%, avg_loss: 1156893.302386, avg_acc: 72.47%
2017-12-27 22:54:08.113512: Iter: 18800 [1], loss: 0.000000, acc: 1.00%, avg_loss: 1147120.592059, avg_acc: 72.40%
2017-12-27 22:54:15.816403: Iter: 19000 [1], loss: 0.000000, acc: 1.00%, avg_loss: 1145584.900857, avg_acc: 72.36%
2017-12-27 22:54:23.542736: Iter: 19200 [1], loss: 0.000000, acc: 1.00%, avg_loss: 1140797.342917, avg_acc: 72.49%
2017-12-27 22:54:31.273745: Iter: 19400 [1], loss: 0.000000, acc: 1.00%, avg_loss: 1136965.693682, avg_acc: 72.50%
2017-12-27 22:54:38.963955: Iter: 19600 [1], loss: 0.000000, acc: 1.00%, avg_loss: 1132364.260493, avg_acc: 72.62%
2017-12-27 22:54:46.649048: Iter: 19800 [1], loss: 0.000000, acc: 1.00%, avg_loss: 1128112.561410, avg_acc: 72.69%
2017-12-27 22:54:54.325496: Iter: 20000 [1], loss: 0.000000, acc: 1.00%, avg_loss: 1126025.047891, avg_acc: 72.66%
2017-12-27 22:55:02.010347: Iter: 20200 [1], loss: 0.000000, acc: 1.00%, avg_loss: 1123959.274192, avg_acc: 72.68%
2017-12-27 22:55:09.913896: Iter: 20400 [1], loss: 0.000000, acc: 1.00%, avg_loss: 1117892.932872, avg_acc: 72.79%
2017-12-27 22:55:17.732665: Iter: 20600 [1], loss: 0.000000, acc: 1.00%, avg_loss: 1115880.867951, avg_acc: 72.86%
2017-12-27 22:55:25.885822: Iter: 20800 [1], loss: 0.000000, acc: 1.00%, avg_loss: 1108355.895099, avg_acc: 72.89%
2017-12-27 22:55:33.678052: Iter: 21000 [1], loss: 0.000000, acc: 1.00%, avg_loss: 1110139.656625, avg_acc: 72.82%
2017-12-27 22:55:41.498477: Iter: 21200 [1], loss: 0.000000, acc: 1.00%, avg_loss: 1103719.695992, avg_acc: 72.89%
2017-12-27 22:55:49.398004: Iter: 21400 [1], loss: 0.000000, acc: 1.00%, avg_loss: 1105291.655572, avg_acc: 72.86%
2017-12-27 22:55:57.346911: Iter: 21600 [1], loss: 14477.000000, acc: 0.00%, avg_loss: 1101748.679648, avg_acc: 72.85%
2017-12-27 22:56:05.294212: Iter: 21800 [1], loss: 0.000000, acc: 1.00%, avg_loss: 1100219.045599, avg_acc: 72.87%
2017-12-27 22:56:13.250663: Iter: 22000 [1], loss: 0.000000, acc: 1.00%, avg_loss: 1102526.196363, avg_acc: 72.92%
2017-12-27 22:56:21.722184: Iter: 22200 [1], loss: 0.000000, acc: 1.00%, avg_loss: 1099884.092659, avg_acc: 72.98%
2017-12-27 22:56:29.645194: Iter: 22400 [1], loss: 0.000000, acc: 1.00%, avg_loss: 1097745.752825, avg_acc: 72.94%
2017-12-27 22:56:37.624361: Iter: 22600 [1], loss: 0.000000, acc: 1.00%, avg_loss: 1095403.235531, avg_acc: 73.00%
2017-12-27 22:56:45.571126: Iter: 22800 [1], loss: 0.000000, acc: 1.00%, avg_loss: 1092868.645891, avg_acc: 72.97%
2017-12-27 22:56:53.455466: Iter: 23000 [1], loss: 2491248.000000, acc: 0.00%, avg_loss: 1086035.588443, avg_acc: 73.07%
2017-12-27 22:57:01.186685: Iter: 23200 [1], loss: 0.000000, acc: 1.00%, avg_loss: 1077818.831752, avg_acc: 73.18%
2017-12-27 22:57:08.950505: Iter: 23400 [1], loss: 0.000000, acc: 1.00%, avg_loss: 1076473.545735, avg_acc: 73.18%
2017-12-27 22:57:16.977467: Iter: 23600 [1], loss: 0.000000, acc: 1.00%, avg_loss: 1077319.385054, avg_acc: 73.11%
2017-12-27 22:57:24.611341: Iter: 23800 [1], loss: 742759.500000, acc: 0.00%, avg_loss: 1081270.127913, avg_acc: 73.08%
2017-12-27 22:57:32.402429: Iter: 24000 [1], loss: 5750738.000000, acc: 0.00%, avg_loss: 1081692.522115, avg_acc: 73.07%
2017-12-27 22:57:32.402622: 
Epoch 1: avg_Loss: 1081782.670670472551, avg_Acc: 73.072756063005
2017-12-27 22:57:32.402657: Learning rates changed LR: 0.100000 
2017-12-27 22:57:41.169540: Iter: 24200 [2], loss: 0.000000, acc: 1.00%, avg_loss: 837058.850000, avg_acc: 74.00%
2017-12-27 22:57:48.907205: Iter: 24400 [2], loss: 0.000000, acc: 1.00%, avg_loss: 819932.012500, avg_acc: 75.00%
2017-12-27 22:57:56.594249: Iter: 24600 [2], loss: 0.000000, acc: 1.00%, avg_loss: 908622.727917, avg_acc: 73.33%
2017-12-27 22:58:04.281250: Iter: 24800 [2], loss: 0.000000, acc: 1.00%, avg_loss: 877458.984688, avg_acc: 74.50%
2017-12-27 22:58:11.962855: Iter: 25000 [2], loss: 0.000000, acc: 1.00%, avg_loss: 900050.906500, avg_acc: 74.70%
2017-12-27 22:58:19.638175: Iter: 25200 [2], loss: 0.000000, acc: 1.00%, avg_loss: 893215.829375, avg_acc: 75.00%
2017-12-27 22:58:27.320703: Iter: 25400 [2], loss: 0.000000, acc: 1.00%, avg_loss: 873104.665179, avg_acc: 75.50%
2017-12-27 22:58:34.993219: Iter: 25600 [2], loss: 0.000000, acc: 1.00%, avg_loss: 914325.664531, avg_acc: 74.88%
2017-12-27 22:58:42.675303: Iter: 25800 [2], loss: 5106589.000000, acc: 0.00%, avg_loss: 908215.775000, avg_acc: 75.22%
2017-12-27 22:58:50.351455: Iter: 26000 [2], loss: 0.000000, acc: 1.00%, avg_loss: 927461.417094, avg_acc: 74.90%
2017-12-27 22:58:58.025126: Iter: 26200 [2], loss: 0.000000, acc: 1.00%, avg_loss: 908076.122926, avg_acc: 75.45%
2017-12-27 22:59:05.716553: Iter: 26400 [2], loss: 0.000000, acc: 1.00%, avg_loss: 890964.354661, avg_acc: 75.38%
2017-12-27 22:59:13.394421: Iter: 26600 [2], loss: 0.000000, acc: 1.00%, avg_loss: 901459.324303, avg_acc: 75.58%
2017-12-27 22:59:21.075230: Iter: 26800 [2], loss: 0.000000, acc: 1.00%, avg_loss: 900499.027924, avg_acc: 75.75%
2017-12-27 22:59:28.770609: Iter: 27000 [2], loss: 0.000000, acc: 1.00%, avg_loss: 913984.255729, avg_acc: 75.40%
2017-12-27 22:59:36.471042: Iter: 27200 [2], loss: 0.000000, acc: 1.00%, avg_loss: 906544.438340, avg_acc: 75.56%
2017-12-27 22:59:44.149147: Iter: 27400 [2], loss: 0.000000, acc: 1.00%, avg_loss: 914251.415018, avg_acc: 75.62%
2017-12-27 22:59:51.821368: Iter: 27600 [2], loss: 0.000000, acc: 1.00%, avg_loss: 909204.583003, avg_acc: 75.78%
2017-12-27 22:59:59.562756: Iter: 27800 [2], loss: 0.000000, acc: 1.00%, avg_loss: 917423.190740, avg_acc: 75.61%
2017-12-27 23:00:07.246881: Iter: 28000 [2], loss: 3926618.250000, acc: 0.00%, avg_loss: 924745.570391, avg_acc: 75.28%
2017-12-27 23:00:14.961871: Iter: 28200 [2], loss: 0.000000, acc: 1.00%, avg_loss: 932740.967039, avg_acc: 75.02%
2017-12-27 23:00:22.675244: Iter: 28400 [2], loss: 0.000000, acc: 1.00%, avg_loss: 935512.012060, avg_acc: 74.89%
2017-12-27 23:00:30.390557: Iter: 28600 [2], loss: 6720241.500000, acc: 0.00%, avg_loss: 939201.437731, avg_acc: 74.93%
2017-12-27 23:00:38.115742: Iter: 28800 [2], loss: 0.000000, acc: 1.00%, avg_loss: 928684.678294, avg_acc: 75.12%
2017-12-27 23:00:45.833636: Iter: 29000 [2], loss: 4949573.000000, acc: 0.00%, avg_loss: 926825.566113, avg_acc: 75.04%
2017-12-27 23:00:53.562019: Iter: 29200 [2], loss: 0.000000, acc: 1.00%, avg_loss: 924278.389579, avg_acc: 75.10%
2017-12-27 23:01:01.273300: Iter: 29400 [2], loss: 0.000000, acc: 1.00%, avg_loss: 925274.912650, avg_acc: 74.96%
2017-12-27 23:01:08.986018: Iter: 29600 [2], loss: 0.000000, acc: 1.00%, avg_loss: 928938.846261, avg_acc: 74.91%
2017-12-27 23:01:16.700195: Iter: 29800 [2], loss: 5351279.000000, acc: 0.00%, avg_loss: 928961.730744, avg_acc: 74.88%
2017-12-27 23:01:24.404997: Iter: 30000 [2], loss: 0.000000, acc: 1.00%, avg_loss: 929841.354302, avg_acc: 74.82%
2017-12-27 23:01:32.118397: Iter: 30200 [2], loss: 0.000000, acc: 1.00%, avg_loss: 929934.585938, avg_acc: 74.81%
2017-12-27 23:01:39.897428: Iter: 30400 [2], loss: 0.000000, acc: 1.00%, avg_loss: 919690.701924, avg_acc: 74.95%
2017-12-27 23:01:47.634604: Iter: 30600 [2], loss: 758454.000000, acc: 0.00%, avg_loss: 911855.987358, avg_acc: 75.00%
2017-12-27 23:01:55.366696: Iter: 30800 [2], loss: 0.000000, acc: 1.00%, avg_loss: 917481.334384, avg_acc: 74.88%
2017-12-27 23:02:03.072131: Iter: 31000 [2], loss: 0.000000, acc: 1.00%, avg_loss: 920905.921902, avg_acc: 74.76%
2017-12-27 23:02:10.777297: Iter: 31200 [2], loss: 0.000000, acc: 1.00%, avg_loss: 916032.263342, avg_acc: 74.81%
2017-12-27 23:02:18.486251: Iter: 31400 [2], loss: 0.000000, acc: 1.00%, avg_loss: 917849.457238, avg_acc: 74.73%
2017-12-27 23:02:26.186993: Iter: 31600 [2], loss: 0.000000, acc: 1.00%, avg_loss: 913172.904186, avg_acc: 74.82%
2017-12-27 23:02:33.897455: Iter: 31800 [2], loss: 3502509.750000, acc: 0.00%, avg_loss: 922045.954303, avg_acc: 74.71%
2017-12-27 23:02:41.613492: Iter: 32000 [2], loss: 0.000000, acc: 1.00%, avg_loss: 921043.740195, avg_acc: 74.64%
2017-12-27 23:02:49.330214: Iter: 32200 [2], loss: 0.000000, acc: 1.00%, avg_loss: 924601.787325, avg_acc: 74.55%
2017-12-27 23:02:57.038877: Iter: 32400 [2], loss: 0.000000, acc: 1.00%, avg_loss: 922429.061436, avg_acc: 74.57%
2017-12-27 23:03:04.743318: Iter: 32600 [2], loss: 0.000000, acc: 1.00%, avg_loss: 927290.955007, avg_acc: 74.55%
2017-12-27 23:03:12.524510: Iter: 32800 [2], loss: 337237.000000, acc: 0.00%, avg_loss: 926050.234837, avg_acc: 74.62%
2017-12-27 23:03:20.325398: Iter: 33000 [2], loss: 0.000000, acc: 1.00%, avg_loss: 926162.871924, avg_acc: 74.66%
2017-12-27 23:03:28.131282: Iter: 33200 [2], loss: 0.000000, acc: 1.00%, avg_loss: 934538.187914, avg_acc: 74.52%
2017-12-27 23:03:35.939523: Iter: 33400 [2], loss: 0.000000, acc: 1.00%, avg_loss: 941313.133225, avg_acc: 74.50%
2017-12-27 23:03:43.741990: Iter: 33600 [2], loss: 0.000000, acc: 1.00%, avg_loss: 942293.985007, avg_acc: 74.47%
2017-12-27 23:03:51.541826: Iter: 33800 [2], loss: 784421.500000, acc: 0.00%, avg_loss: 946812.716716, avg_acc: 74.42%
2017-12-27 23:03:59.356270: Iter: 34000 [2], loss: 0.000000, acc: 1.00%, avg_loss: 947362.388131, avg_acc: 74.40%
2017-12-27 23:04:07.161994: Iter: 34200 [2], loss: 0.000000, acc: 1.00%, avg_loss: 943620.813903, avg_acc: 74.48%
2017-12-27 23:04:14.960590: Iter: 34400 [2], loss: 0.000000, acc: 1.00%, avg_loss: 946523.558395, avg_acc: 74.38%
2017-12-27 23:04:22.771476: Iter: 34600 [2], loss: 0.000000, acc: 1.00%, avg_loss: 943517.207388, avg_acc: 74.35%
2017-12-27 23:04:30.587930: Iter: 34800 [2], loss: 0.000000, acc: 1.00%, avg_loss: 946109.048177, avg_acc: 74.33%
2017-12-27 23:04:38.397833: Iter: 35000 [2], loss: 2489219.000000, acc: 0.00%, avg_loss: 945718.289665, avg_acc: 74.35%
2017-12-27 23:04:46.105226: Iter: 35200 [2], loss: 0.000000, acc: 1.00%, avg_loss: 943823.786903, avg_acc: 74.34%
2017-12-27 23:04:53.792773: Iter: 35400 [2], loss: 0.000000, acc: 1.00%, avg_loss: 950351.722133, avg_acc: 74.30%
2017-12-27 23:05:01.486846: Iter: 35600 [2], loss: 0.000000, acc: 1.00%, avg_loss: 947498.613346, avg_acc: 74.36%
2017-12-27 23:05:09.194131: Iter: 35800 [2], loss: 2774413.250000, acc: 0.00%, avg_loss: 944224.672654, avg_acc: 74.40%
2017-12-27 23:05:16.906561: Iter: 36000 [2], loss: 0.000000, acc: 1.00%, avg_loss: 945132.893318, avg_acc: 74.39%
2017-12-27 23:05:16.906755: 
Epoch 2: avg_Loss: 945211.660956121399, avg_Acc: 74.397866488874
2017-12-27 23:05:16.906794: Learning rates changed LR: 0.010000 
2017-12-27 23:05:25.375853: Iter: 36200 [3], loss: 0.000000, acc: 1.00%, avg_loss: 758331.370000, avg_acc: 74.00%
2017-12-27 23:05:33.052211: Iter: 36400 [3], loss: 0.000000, acc: 1.00%, avg_loss: 812058.554375, avg_acc: 73.75%
2017-12-27 23:05:40.765847: Iter: 36600 [3], loss: 0.000000, acc: 1.00%, avg_loss: 895960.196250, avg_acc: 73.33%
2017-12-27 23:05:48.441000: Iter: 36800 [3], loss: 0.000000, acc: 1.00%, avg_loss: 901746.855313, avg_acc: 74.12%
2017-12-27 23:05:56.127815: Iter: 37000 [3], loss: 6617411.000000, acc: 0.00%, avg_loss: 893561.318000, avg_acc: 74.60%
2017-12-27 23:06:03.843556: Iter: 37200 [3], loss: 0.000000, acc: 1.00%, avg_loss: 899595.651667, avg_acc: 74.08%
2017-12-27 23:06:11.533200: Iter: 37400 [3], loss: 2129820.000000, acc: 0.00%, avg_loss: 915035.446607, avg_acc: 73.86%
2017-12-27 23:06:19.216347: Iter: 37600 [3], loss: 705394.500000, acc: 0.00%, avg_loss: 920486.769375, avg_acc: 74.12%
2017-12-27 23:06:27.243778: Iter: 37800 [3], loss: 0.000000, acc: 1.00%, avg_loss: 906774.624306, avg_acc: 73.94%
2017-12-27 23:06:35.073849: Iter: 38000 [3], loss: 0.000000, acc: 1.00%, avg_loss: 877364.202250, avg_acc: 74.30%
2017-12-27 23:06:43.462104: Iter: 38200 [3], loss: 0.000000, acc: 1.00%, avg_loss: 868217.027159, avg_acc: 74.59%
2017-12-27 23:06:51.313623: Iter: 38400 [3], loss: 0.000000, acc: 1.00%, avg_loss: 879043.476458, avg_acc: 74.50%
2017-12-27 23:06:59.174522: Iter: 38600 [3], loss: 0.000000, acc: 1.00%, avg_loss: 881929.016731, avg_acc: 74.19%
2017-12-27 23:07:07.015303: Iter: 38800 [3], loss: 1650402.500000, acc: 0.00%, avg_loss: 887291.402411, avg_acc: 74.29%
2017-12-27 23:07:14.855172: Iter: 39000 [3], loss: 4374358.500000, acc: 0.00%, avg_loss: 882401.829667, avg_acc: 74.33%
2017-12-27 23:07:22.690907: Iter: 39200 [3], loss: 0.000000, acc: 1.00%, avg_loss: 873247.278906, avg_acc: 74.75%
2017-12-27 23:07:30.537562: Iter: 39400 [3], loss: 0.000000, acc: 1.00%, avg_loss: 873807.114779, avg_acc: 74.82%
2017-12-27 23:07:38.376025: Iter: 39600 [3], loss: 0.000000, acc: 1.00%, avg_loss: 867451.042569, avg_acc: 74.75%
2017-12-27 23:07:46.211176: Iter: 39800 [3], loss: 1902376.000000, acc: 0.00%, avg_loss: 890430.929408, avg_acc: 74.53%
2017-12-27 23:07:54.178258: Iter: 40000 [3], loss: 0.000000, acc: 1.00%, avg_loss: 879410.811938, avg_acc: 74.58%
2017-12-27 23:08:01.888512: Iter: 40200 [3], loss: 1588704.000000, acc: 0.00%, avg_loss: 889267.987143, avg_acc: 74.48%
2017-12-27 23:08:09.641183: Iter: 40400 [3], loss: 6136313.000000, acc: 0.00%, avg_loss: 895764.283068, avg_acc: 74.59%
2017-12-27 23:08:17.469949: Iter: 40600 [3], loss: 0.000000, acc: 1.00%, avg_loss: 898240.992065, avg_acc: 74.54%
2017-12-27 23:08:25.304551: Iter: 40800 [3], loss: 0.000000, acc: 1.00%, avg_loss: 902569.101927, avg_acc: 74.56%
2017-12-27 23:08:33.146618: Iter: 41000 [3], loss: 0.000000, acc: 1.00%, avg_loss: 914090.055000, avg_acc: 74.50%
2017-12-27 23:08:41.018635: Iter: 41200 [3], loss: 0.000000, acc: 1.00%, avg_loss: 923610.518558, avg_acc: 74.50%
2017-12-27 23:08:48.963316: Iter: 41400 [3], loss: 0.000000, acc: 1.00%, avg_loss: 924032.566481, avg_acc: 74.56%
2017-12-27 23:08:57.264266: Iter: 41600 [3], loss: 0.000000, acc: 1.00%, avg_loss: 931068.709665, avg_acc: 74.62%
2017-12-27 23:09:05.099059: Iter: 41800 [3], loss: 3467154.000000, acc: 0.00%, avg_loss: 936468.551315, avg_acc: 74.64%
2017-12-27 23:09:12.926667: Iter: 42000 [3], loss: 0.000000, acc: 1.00%, avg_loss: 939273.683604, avg_acc: 74.57%
2017-12-27 23:09:20.836289: Iter: 42200 [3], loss: 0.000000, acc: 1.00%, avg_loss: 940546.078770, avg_acc: 74.53%
2017-12-27 23:09:28.755908: Iter: 42400 [3], loss: 0.000000, acc: 1.00%, avg_loss: 948155.144707, avg_acc: 74.53%
2017-12-27 23:09:36.684120: Iter: 42600 [3], loss: 0.000000, acc: 1.00%, avg_loss: 938386.187973, avg_acc: 74.76%
2017-12-27 23:09:44.618530: Iter: 42800 [3], loss: 0.000000, acc: 1.00%, avg_loss: 940080.294687, avg_acc: 74.71%
2017-12-27 23:09:52.548061: Iter: 43000 [3], loss: 0.000000, acc: 1.00%, avg_loss: 935142.123661, avg_acc: 74.71%
2017-12-27 23:10:00.477420: Iter: 43200 [3], loss: 1400153.000000, acc: 0.00%, avg_loss: 945937.522240, avg_acc: 74.65%
2017-12-27 23:10:08.414927: Iter: 43400 [3], loss: 0.000000, acc: 1.00%, avg_loss: 943370.096605, avg_acc: 74.70%
2017-12-27 23:10:16.344667: Iter: 43600 [3], loss: 0.000000, acc: 1.00%, avg_loss: 949441.835707, avg_acc: 74.57%
2017-12-27 23:10:24.273945: Iter: 43800 [3], loss: 0.000000, acc: 1.00%, avg_loss: 953136.556170, avg_acc: 74.54%
2017-12-27 23:10:32.197230: Iter: 44000 [3], loss: 3305611.000000, acc: 0.00%, avg_loss: 944899.496328, avg_acc: 74.71%
2017-12-27 23:10:40.130765: Iter: 44200 [3], loss: 0.000000, acc: 1.00%, avg_loss: 948819.921174, avg_acc: 74.66%
2017-12-27 23:10:48.066669: Iter: 44400 [3], loss: 6608528.000000, acc: 0.00%, avg_loss: 950301.051562, avg_acc: 74.60%
2017-12-27 23:10:55.990445: Iter: 44600 [3], loss: 0.000000, acc: 1.00%, avg_loss: 947377.232703, avg_acc: 74.59%
2017-12-27 23:11:03.916656: Iter: 44800 [3], loss: 6810393.000000, acc: 0.00%, avg_loss: 946795.255000, avg_acc: 74.61%
2017-12-27 23:11:11.851397: Iter: 45000 [3], loss: 0.000000, acc: 1.00%, avg_loss: 951224.616056, avg_acc: 74.48%
2017-12-27 23:11:19.789098: Iter: 45200 [3], loss: 12532533.000000, acc: 0.00%, avg_loss: 951184.767283, avg_acc: 74.49%
2017-12-27 23:11:27.767985: Iter: 45400 [3], loss: 0.000000, acc: 1.00%, avg_loss: 956659.642580, avg_acc: 74.41%
2017-12-27 23:11:35.692031: Iter: 45600 [3], loss: 5498936.000000, acc: 0.00%, avg_loss: 955797.970130, avg_acc: 74.44%
2017-12-27 23:11:44.076566: Iter: 45800 [3], loss: 0.000000, acc: 1.00%, avg_loss: 952170.253648, avg_acc: 74.52%
2017-12-27 23:11:52.661453: Iter: 46000 [3], loss: 8029925.000000, acc: 0.00%, avg_loss: 950991.310050, avg_acc: 74.60%
2017-12-27 23:12:00.966050: Iter: 46200 [3], loss: 0.000000, acc: 1.00%, avg_loss: 949846.336422, avg_acc: 74.68%
2017-12-27 23:12:08.886625: Iter: 46400 [3], loss: 0.000000, acc: 1.00%, avg_loss: 951711.607476, avg_acc: 74.68%
2017-12-27 23:12:16.694005: Iter: 46600 [3], loss: 0.000000, acc: 1.00%, avg_loss: 946126.532665, avg_acc: 74.75%
2017-12-27 23:12:24.832382: Iter: 46800 [3], loss: 16649294.000000, acc: 0.00%, avg_loss: 945517.212870, avg_acc: 74.77%
2017-12-27 23:12:32.636076: Iter: 47000 [3], loss: 0.000000, acc: 1.00%, avg_loss: 945829.225500, avg_acc: 74.71%
2017-12-27 23:12:40.477205: Iter: 47200 [3], loss: 0.000000, acc: 1.00%, avg_loss: 950296.804286, avg_acc: 74.68%
2017-12-27 23:12:48.347086: Iter: 47400 [3], loss: 652587.000000, acc: 0.00%, avg_loss: 946447.796930, avg_acc: 74.68%
2017-12-27 23:12:56.164826: Iter: 47600 [3], loss: 0.000000, acc: 1.00%, avg_loss: 944961.871767, avg_acc: 74.66%
2017-12-27 23:13:03.984353: Iter: 47800 [3], loss: 0.000000, acc: 1.00%, avg_loss: 941613.591589, avg_acc: 74.69%
2017-12-27 23:13:12.060002: Iter: 48000 [3], loss: 0.000000, acc: 1.00%, avg_loss: 938426.615833, avg_acc: 74.68%
2017-12-27 23:13:12.060205: 
Epoch 3: avg_Loss: 938504.824568714015, avg_Acc: 74.689557463122
2017-12-27 23:13:12.060246: Learning rates changed LR: 0.001000 
2017-12-27 23:13:20.624500: Iter: 48200 [4], loss: 1761679.000000, acc: 0.00%, avg_loss: 1115126.800000, avg_acc: 70.00%
2017-12-27 23:13:28.375932: Iter: 48400 [4], loss: 0.000000, acc: 1.00%, avg_loss: 1036148.239375, avg_acc: 71.75%
2017-12-27 23:13:36.118378: Iter: 48600 [4], loss: 4178161.500000, acc: 0.00%, avg_loss: 1039604.779583, avg_acc: 73.33%
2017-12-27 23:13:43.859313: Iter: 48800 [4], loss: 0.000000, acc: 1.00%, avg_loss: 1035614.423125, avg_acc: 73.12%
2017-12-27 23:13:51.792440: Iter: 49000 [4], loss: 0.000000, acc: 1.00%, avg_loss: 1062234.502750, avg_acc: 72.40%
2017-12-27 23:13:59.626096: Iter: 49200 [4], loss: 0.000000, acc: 1.00%, avg_loss: 1013503.991250, avg_acc: 73.25%
2017-12-27 23:14:07.461160: Iter: 49400 [4], loss: 0.000000, acc: 1.00%, avg_loss: 1042811.892321, avg_acc: 73.50%
2017-12-27 23:14:15.289622: Iter: 49600 [4], loss: 0.000000, acc: 1.00%, avg_loss: 1031990.630469, avg_acc: 74.12%
2017-12-27 23:14:23.122757: Iter: 49800 [4], loss: 1744351.000000, acc: 0.00%, avg_loss: 1035314.913333, avg_acc: 73.94%
2017-12-27 23:14:30.964739: Iter: 50000 [4], loss: 1245672.000000, acc: 0.00%, avg_loss: 1015743.031500, avg_acc: 74.25%
2017-12-27 23:14:38.796643: Iter: 50200 [4], loss: 0.000000, acc: 1.00%, avg_loss: 1006247.834545, avg_acc: 74.45%
2017-12-27 23:14:46.752838: Iter: 50400 [4], loss: 1086276.000000, acc: 0.00%, avg_loss: 1017510.168438, avg_acc: 74.29%
2017-12-27 23:14:54.490103: Iter: 50600 [4], loss: 8146081.000000, acc: 0.00%, avg_loss: 1001982.705769, avg_acc: 74.69%
2017-12-27 23:15:02.230556: Iter: 50800 [4], loss: 0.000000, acc: 1.00%, avg_loss: 986505.189107, avg_acc: 74.86%
2017-12-27 23:15:09.981899: Iter: 51000 [4], loss: 958074.500000, acc: 0.00%, avg_loss: 977471.232000, avg_acc: 74.63%
2017-12-27 23:15:17.735828: Iter: 51200 [4], loss: 10157080.000000, acc: 0.00%, avg_loss: 955958.818047, avg_acc: 74.88%
2017-12-27 23:15:25.472122: Iter: 51400 [4], loss: 1717967.500000, acc: 0.00%, avg_loss: 955565.204338, avg_acc: 74.79%
2017-12-27 23:15:33.207121: Iter: 51600 [4], loss: 0.000000, acc: 1.00%, avg_loss: 960012.045833, avg_acc: 74.86%
2017-12-27 23:15:40.948952: Iter: 51800 [4], loss: 0.000000, acc: 1.00%, avg_loss: 977791.447763, avg_acc: 74.45%
2017-12-27 23:15:48.681448: Iter: 52000 [4], loss: 0.000000, acc: 1.00%, avg_loss: 978551.717625, avg_acc: 74.50%
2017-12-27 23:15:56.406325: Iter: 52200 [4], loss: 685267.000000, acc: 0.00%, avg_loss: 970322.665833, avg_acc: 74.52%
2017-12-27 23:16:04.133022: Iter: 52400 [4], loss: 0.000000, acc: 1.00%, avg_loss: 970854.532216, avg_acc: 74.32%
2017-12-27 23:16:11.856243: Iter: 52600 [4], loss: 0.000000, acc: 1.00%, avg_loss: 980313.579946, avg_acc: 74.26%
2017-12-27 23:16:19.579886: Iter: 52800 [4], loss: 0.000000, acc: 1.00%, avg_loss: 975226.356875, avg_acc: 74.25%
2017-12-27 23:16:27.322559: Iter: 53000 [4], loss: 0.000000, acc: 1.00%, avg_loss: 972886.894800, avg_acc: 74.34%
2017-12-27 23:16:35.054782: Iter: 53200 [4], loss: 1690131.000000, acc: 0.00%, avg_loss: 977628.062692, avg_acc: 74.21%
2017-12-27 23:16:42.797014: Iter: 53400 [4], loss: 0.000000, acc: 1.00%, avg_loss: 976658.636898, avg_acc: 74.19%
2017-12-27 23:16:50.549569: Iter: 53600 [4], loss: 0.000000, acc: 1.00%, avg_loss: 970066.296786, avg_acc: 74.34%
2017-12-27 23:16:58.293229: Iter: 53800 [4], loss: 0.000000, acc: 1.00%, avg_loss: 961040.921897, avg_acc: 74.48%
2017-12-27 23:17:06.043059: Iter: 54000 [4], loss: 0.000000, acc: 1.00%, avg_loss: 952061.475625, avg_acc: 74.55%
2017-12-27 23:17:13.795276: Iter: 54200 [4], loss: 0.000000, acc: 1.00%, avg_loss: 953169.620202, avg_acc: 74.52%
2017-12-27 23:17:21.528891: Iter: 54400 [4], loss: 5388583.000000, acc: 0.00%, avg_loss: 953196.102930, avg_acc: 74.52%
2017-12-27 23:17:29.344411: Iter: 54600 [4], loss: 0.000000, acc: 1.00%, avg_loss: 956154.845379, avg_acc: 74.59%
2017-12-27 23:17:37.099531: Iter: 54800 [4], loss: 0.000000, acc: 1.00%, avg_loss: 958286.087647, avg_acc: 74.54%
2017-12-27 23:17:44.852737: Iter: 55000 [4], loss: 0.000000, acc: 1.00%, avg_loss: 954385.622893, avg_acc: 74.57%
2017-12-27 23:17:52.603311: Iter: 55200 [4], loss: 2383088.000000, acc: 0.00%, avg_loss: 952904.262431, avg_acc: 74.61%
2017-12-27 23:18:00.408515: Iter: 55400 [4], loss: 0.000000, acc: 1.00%, avg_loss: 952435.779122, avg_acc: 74.65%
2017-12-27 23:18:08.147535: Iter: 55600 [4], loss: 7538489.500000, acc: 0.00%, avg_loss: 949413.640724, avg_acc: 74.74%
2017-12-27 23:18:15.898620: Iter: 55800 [4], loss: 0.000000, acc: 1.00%, avg_loss: 951180.027372, avg_acc: 74.56%
2017-12-27 23:18:23.651092: Iter: 56000 [4], loss: 0.000000, acc: 1.00%, avg_loss: 950338.593125, avg_acc: 74.55%
2017-12-27 23:18:31.409714: Iter: 56200 [4], loss: 0.000000, acc: 1.00%, avg_loss: 950667.535244, avg_acc: 74.50%
2017-12-27 23:18:39.177688: Iter: 56400 [4], loss: 751421.000000, acc: 0.00%, avg_loss: 953903.473095, avg_acc: 74.45%
2017-12-27 23:18:46.920214: Iter: 56600 [4], loss: 0.000000, acc: 1.00%, avg_loss: 948012.920494, avg_acc: 74.56%
2017-12-27 23:18:54.655335: Iter: 56800 [4], loss: 0.000000, acc: 1.00%, avg_loss: 951965.591392, avg_acc: 74.45%
2017-12-27 23:19:02.392926: Iter: 57000 [4], loss: 2954906.500000, acc: 0.00%, avg_loss: 953832.677972, avg_acc: 74.48%
2017-12-27 23:19:10.134647: Iter: 57200 [4], loss: 0.000000, acc: 1.00%, avg_loss: 955669.354212, avg_acc: 74.38%
2017-12-27 23:19:19.048728: Iter: 57400 [4], loss: 0.000000, acc: 1.00%, avg_loss: 955405.117367, avg_acc: 74.41%
2017-12-27 23:19:26.795061: Iter: 57600 [4], loss: 0.000000, acc: 1.00%, avg_loss: 952015.307604, avg_acc: 74.49%
2017-12-27 23:19:34.532188: Iter: 57800 [4], loss: 0.000000, acc: 1.00%, avg_loss: 952844.321531, avg_acc: 74.50%
2017-12-27 23:19:42.284992: Iter: 58000 [4], loss: 0.000000, acc: 1.00%, avg_loss: 955423.361675, avg_acc: 74.46%
2017-12-27 23:19:50.040808: Iter: 58200 [4], loss: 0.000000, acc: 1.00%, avg_loss: 956595.279877, avg_acc: 74.39%
2017-12-27 23:19:57.786257: Iter: 58400 [4], loss: 0.000000, acc: 1.00%, avg_loss: 953048.333558, avg_acc: 74.48%
2017-12-27 23:20:05.539009: Iter: 58600 [4], loss: 0.000000, acc: 1.00%, avg_loss: 950214.818491, avg_acc: 74.49%
2017-12-27 23:20:13.535142: Iter: 58800 [4], loss: 2892195.500000, acc: 0.00%, avg_loss: 950301.164074, avg_acc: 74.49%
2017-12-27 23:20:21.356039: Iter: 59000 [4], loss: 5146837.000000, acc: 0.00%, avg_loss: 950215.555193, avg_acc: 74.47%
2017-12-27 23:20:29.088886: Iter: 59200 [4], loss: 2286193.500000, acc: 0.00%, avg_loss: 945317.777690, avg_acc: 74.54%
2017-12-27 23:20:36.811160: Iter: 59400 [4], loss: 0.000000, acc: 1.00%, avg_loss: 940300.522884, avg_acc: 74.69%
2017-12-27 23:20:44.537373: Iter: 59600 [4], loss: 0.000000, acc: 1.00%, avg_loss: 941464.397188, avg_acc: 74.63%
2017-12-27 23:20:52.258698: Iter: 59800 [4], loss: 3547107.000000, acc: 0.00%, avg_loss: 941140.793718, avg_acc: 74.61%
2017-12-27 23:20:59.984701: Iter: 60000 [4], loss: 0.000000, acc: 1.00%, avg_loss: 937335.996594, avg_acc: 74.69%
2017-12-27 23:20:59.984862: 
Epoch 4: avg_Loss: 937414.114436619682, avg_Acc: 74.697891490958
2017-12-27 23:20:59.984891: Learning rates changed LR: 0.000100 
2017-12-27 23:21:08.489200: Iter: 60200 [5], loss: 0.000000, acc: 1.00%, avg_loss: 604947.757500, avg_acc: 82.00%
2017-12-27 23:21:16.175516: Iter: 60400 [5], loss: 5446872.000000, acc: 0.00%, avg_loss: 889312.076250, avg_acc: 77.00%
2017-12-27 23:21:23.848249: Iter: 60600 [5], loss: 0.000000, acc: 1.00%, avg_loss: 874024.826250, avg_acc: 78.00%
2017-12-27 23:21:31.544585: Iter: 60800 [5], loss: 0.000000, acc: 1.00%, avg_loss: 862142.406563, avg_acc: 77.50%
2017-12-27 23:21:39.363798: Iter: 61000 [5], loss: 0.000000, acc: 1.00%, avg_loss: 873808.040750, avg_acc: 76.50%
2017-12-27 23:21:47.095258: Iter: 61200 [5], loss: 0.000000, acc: 1.00%, avg_loss: 906735.226250, avg_acc: 76.08%
2017-12-27 23:21:54.823931: Iter: 61400 [5], loss: 0.000000, acc: 1.00%, avg_loss: 897319.226429, avg_acc: 75.64%
2017-12-27 23:22:02.537049: Iter: 61600 [5], loss: 0.000000, acc: 1.00%, avg_loss: 887637.782500, avg_acc: 76.00%
2017-12-27 23:22:10.216947: Iter: 61800 [5], loss: 0.000000, acc: 1.00%, avg_loss: 881797.489444, avg_acc: 76.11%
2017-12-27 23:22:17.886448: Iter: 62000 [5], loss: 0.000000, acc: 1.00%, avg_loss: 887942.869375, avg_acc: 75.95%
2017-12-27 23:22:25.572980: Iter: 62200 [5], loss: 0.000000, acc: 1.00%, avg_loss: 863841.763864, avg_acc: 76.14%
2017-12-27 23:22:33.252569: Iter: 62400 [5], loss: 0.000000, acc: 1.00%, avg_loss: 882653.830000, avg_acc: 75.88%
2017-12-27 23:22:41.244364: Iter: 62600 [5], loss: 1623173.000000, acc: 0.00%, avg_loss: 887042.867212, avg_acc: 76.00%
2017-12-27 23:22:48.927881: Iter: 62800 [5], loss: 0.000000, acc: 1.00%, avg_loss: 888621.259196, avg_acc: 75.75%
2017-12-27 23:22:56.710448: Iter: 63000 [5], loss: 0.000000, acc: 1.00%, avg_loss: 897788.345333, avg_acc: 75.57%
2017-12-27 23:23:04.463758: Iter: 63200 [5], loss: 0.000000, acc: 1.00%, avg_loss: 883598.525234, avg_acc: 75.81%
2017-12-27 23:23:12.158798: Iter: 63400 [5], loss: 0.000000, acc: 1.00%, avg_loss: 870897.985147, avg_acc: 76.15%
2017-12-27 23:23:19.863863: Iter: 63600 [5], loss: 2119974.500000, acc: 0.00%, avg_loss: 883134.620208, avg_acc: 75.86%
2017-12-27 23:23:27.569816: Iter: 63800 [5], loss: 0.000000, acc: 1.00%, avg_loss: 873477.100658, avg_acc: 76.00%
2017-12-27 23:23:35.275478: Iter: 64000 [5], loss: 0.000000, acc: 1.00%, avg_loss: 891231.089437, avg_acc: 75.95%
2017-12-27 23:23:42.984212: Iter: 64200 [5], loss: 1450518.500000, acc: 0.00%, avg_loss: 900802.455714, avg_acc: 75.71%
2017-12-27 23:23:50.692106: Iter: 64400 [5], loss: 0.000000, acc: 1.00%, avg_loss: 907438.387045, avg_acc: 75.68%
2017-12-27 23:23:58.387496: Iter: 64600 [5], loss: 0.000000, acc: 1.00%, avg_loss: 918923.115217, avg_acc: 75.50%
2017-12-27 23:24:06.094961: Iter: 64800 [5], loss: 0.000000, acc: 1.00%, avg_loss: 912769.793542, avg_acc: 75.62%
2017-12-27 23:24:13.810822: Iter: 65000 [5], loss: 2739266.000000, acc: 0.00%, avg_loss: 915563.930950, avg_acc: 75.52%
2017-12-27 23:24:21.537774: Iter: 65200 [5], loss: 0.000000, acc: 1.00%, avg_loss: 923015.332500, avg_acc: 75.38%
2017-12-27 23:24:29.251234: Iter: 65400 [5], loss: 849717.500000, acc: 0.00%, avg_loss: 924799.374074, avg_acc: 75.30%
2017-12-27 23:24:36.957724: Iter: 65600 [5], loss: 0.000000, acc: 1.00%, avg_loss: 928358.231830, avg_acc: 75.11%
2017-12-27 23:24:44.661501: Iter: 65800 [5], loss: 3794545.500000, acc: 0.00%, avg_loss: 931411.230690, avg_acc: 75.03%
2017-12-27 23:24:52.377537: Iter: 66000 [5], loss: 3875824.000000, acc: 0.00%, avg_loss: 927287.487458, avg_acc: 75.17%
2017-12-27 23:25:00.092065: Iter: 66200 [5], loss: 0.000000, acc: 1.00%, avg_loss: 924096.193024, avg_acc: 75.19%
2017-12-27 23:25:07.812285: Iter: 66400 [5], loss: 0.000000, acc: 1.00%, avg_loss: 927679.731250, avg_acc: 75.06%
2017-12-27 23:25:15.736205: Iter: 66600 [5], loss: 0.000000, acc: 1.00%, avg_loss: 924732.673788, avg_acc: 75.03%
2017-12-27 23:25:23.832488: Iter: 66800 [5], loss: 0.000000, acc: 1.00%, avg_loss: 921702.163971, avg_acc: 75.04%
2017-12-27 23:25:31.558666: Iter: 67000 [5], loss: 0.000000, acc: 1.00%, avg_loss: 930700.758393, avg_acc: 74.97%
2017-12-27 23:25:39.275968: Iter: 67200 [5], loss: 0.000000, acc: 1.00%, avg_loss: 931315.911007, avg_acc: 74.93%
2017-12-27 23:25:46.995210: Iter: 67400 [5], loss: 8092347.000000, acc: 0.00%, avg_loss: 932307.182230, avg_acc: 74.84%
2017-12-27 23:25:54.710024: Iter: 67600 [5], loss: 0.000000, acc: 1.00%, avg_loss: 932881.631118, avg_acc: 74.80%
2017-12-27 23:26:02.419183: Iter: 67800 [5], loss: 862416.000000, acc: 0.00%, avg_loss: 941041.171346, avg_acc: 74.65%
2017-12-27 23:26:10.140257: Iter: 68000 [5], loss: 1682370.000000, acc: 0.00%, avg_loss: 939987.596875, avg_acc: 74.67%
2017-12-27 23:26:17.862766: Iter: 68200 [5], loss: 0.000000, acc: 1.00%, avg_loss: 934661.165549, avg_acc: 74.76%
2017-12-27 23:26:25.587773: Iter: 68400 [5], loss: 1092083.000000, acc: 0.00%, avg_loss: 939528.389315, avg_acc: 74.64%
2017-12-27 23:26:33.306168: Iter: 68600 [5], loss: 0.000000, acc: 1.00%, avg_loss: 935870.904913, avg_acc: 74.79%
2017-12-27 23:26:41.026404: Iter: 68800 [5], loss: 1754755.500000, acc: 0.00%, avg_loss: 932632.547898, avg_acc: 74.88%
2017-12-27 23:26:48.750566: Iter: 69000 [5], loss: 0.000000, acc: 1.00%, avg_loss: 935195.103167, avg_acc: 74.81%
2017-12-27 23:26:56.479882: Iter: 69200 [5], loss: 0.000000, acc: 1.00%, avg_loss: 937446.207962, avg_acc: 74.78%
2017-12-27 23:27:04.205758: Iter: 69400 [5], loss: 0.000000, acc: 1.00%, avg_loss: 938479.370585, avg_acc: 74.72%
2017-12-27 23:27:11.970104: Iter: 69600 [5], loss: 0.000000, acc: 1.00%, avg_loss: 940294.477344, avg_acc: 74.74%
2017-12-27 23:27:19.845764: Iter: 69800 [5], loss: 0.000000, acc: 1.00%, avg_loss: 939239.641199, avg_acc: 74.79%
2017-12-27 23:27:27.725127: Iter: 70000 [5], loss: 0.000000, acc: 1.00%, avg_loss: 936861.043050, avg_acc: 74.84%
2017-12-27 23:27:35.598245: Iter: 70200 [5], loss: 0.000000, acc: 1.00%, avg_loss: 936141.251863, avg_acc: 74.83%
2017-12-27 23:27:43.420781: Iter: 70400 [5], loss: 0.000000, acc: 1.00%, avg_loss: 934176.465048, avg_acc: 74.85%
2017-12-27 23:27:51.256560: Iter: 70600 [5], loss: 0.000000, acc: 1.00%, avg_loss: 936529.964104, avg_acc: 74.80%
2017-12-27 23:27:59.122639: Iter: 70800 [5], loss: 0.000000, acc: 1.00%, avg_loss: 934319.426736, avg_acc: 74.81%
2017-12-27 23:28:06.976725: Iter: 71000 [5], loss: 0.000000, acc: 1.00%, avg_loss: 933318.243091, avg_acc: 74.80%
2017-12-27 23:28:14.839447: Iter: 71200 [5], loss: 0.000000, acc: 1.00%, avg_loss: 933482.874844, avg_acc: 74.78%
2017-12-27 23:28:22.693757: Iter: 71400 [5], loss: 0.000000, acc: 1.00%, avg_loss: 934788.684276, avg_acc: 74.77%
2017-12-27 23:28:30.544543: Iter: 71600 [5], loss: 0.000000, acc: 1.00%, avg_loss: 936239.064698, avg_acc: 74.72%
2017-12-27 23:28:38.399268: Iter: 71800 [5], loss: 0.000000, acc: 1.00%, avg_loss: 935188.486144, avg_acc: 74.79%
2017-12-27 23:28:46.251394: Iter: 72000 [5], loss: 3590283.500000, acc: 0.00%, avg_loss: 937225.612042, avg_acc: 74.69%
2017-12-27 23:28:46.251629: 
Epoch 5: avg_Loss: 937303.720685057109, avg_Acc: 74.697891490958
2017-12-27 23:28:46.251670: Learning rates changed LR: 0.000010 
2017-12-27 23:28:54.803939: Iter: 72200 [6], loss: 2821545.000000, acc: 0.00%, avg_loss: 995723.831250, avg_acc: 73.00%
2017-12-27 23:29:02.892119: Iter: 72400 [6], loss: 4238379.500000, acc: 0.00%, avg_loss: 856972.350000, avg_acc: 75.75%
2017-12-27 23:29:10.734720: Iter: 72600 [6], loss: 0.000000, acc: 1.00%, avg_loss: 955050.948750, avg_acc: 74.17%
2017-12-27 23:29:18.579536: Iter: 72800 [6], loss: 8378255.000000, acc: 0.00%, avg_loss: 1003662.768437, avg_acc: 73.38%
2017-12-27 23:29:26.440172: Iter: 73000 [6], loss: 0.000000, acc: 1.00%, avg_loss: 965056.297000, avg_acc: 73.40%
2017-12-27 23:29:34.288856: Iter: 73200 [6], loss: 0.000000, acc: 1.00%, avg_loss: 955568.039583, avg_acc: 73.75%
2017-12-27 23:29:42.143186: Iter: 73400 [6], loss: 0.000000, acc: 1.00%, avg_loss: 975916.246607, avg_acc: 73.93%
2017-12-27 23:29:50.039699: Iter: 73600 [6], loss: 0.000000, acc: 1.00%, avg_loss: 969830.446094, avg_acc: 74.38%
2017-12-27 23:29:57.884075: Iter: 73800 [6], loss: 0.000000, acc: 1.00%, avg_loss: 955393.702778, avg_acc: 74.83%
2017-12-27 23:30:05.726742: Iter: 74000 [6], loss: 0.000000, acc: 1.00%, avg_loss: 967113.374875, avg_acc: 74.65%
2017-12-27 23:30:13.567458: Iter: 74200 [6], loss: 0.000000, acc: 1.00%, avg_loss: 939584.162386, avg_acc: 74.59%
2017-12-27 23:30:21.411981: Iter: 74400 [6], loss: 0.000000, acc: 1.00%, avg_loss: 949604.406042, avg_acc: 74.58%
2017-12-27 23:30:29.266431: Iter: 74600 [6], loss: 0.000000, acc: 1.00%, avg_loss: 941712.136346, avg_acc: 74.62%
2017-12-27 23:30:37.107368: Iter: 74800 [6], loss: 0.000000, acc: 1.00%, avg_loss: 932028.324911, avg_acc: 75.00%
2017-12-27 23:30:44.971808: Iter: 75000 [6], loss: 0.000000, acc: 1.00%, avg_loss: 944035.983167, avg_acc: 74.80%
2017-12-27 23:30:52.811611: Iter: 75200 [6], loss: 0.000000, acc: 1.00%, avg_loss: 932297.798750, avg_acc: 75.00%
2017-12-27 23:31:00.651148: Iter: 75400 [6], loss: 0.000000, acc: 1.00%, avg_loss: 937977.434118, avg_acc: 74.71%
2017-12-27 23:31:08.487589: Iter: 75600 [6], loss: 324007.000000, acc: 0.00%, avg_loss: 928587.581250, avg_acc: 74.75%
2017-12-27 23:31:16.327777: Iter: 75800 [6], loss: 0.000000, acc: 1.00%, avg_loss: 925477.030197, avg_acc: 74.84%
2017-12-27 23:31:24.167565: Iter: 76000 [6], loss: 0.000000, acc: 1.00%, avg_loss: 927328.570625, avg_acc: 74.75%
2017-12-27 23:31:31.993838: Iter: 76200 [6], loss: 0.000000, acc: 1.00%, avg_loss: 936957.871131, avg_acc: 74.57%
2017-12-27 23:31:39.824272: Iter: 76400 [6], loss: 0.000000, acc: 1.00%, avg_loss: 947874.667273, avg_acc: 74.59%
2017-12-27 23:31:47.672423: Iter: 76600 [6], loss: 0.000000, acc: 1.00%, avg_loss: 942622.233533, avg_acc: 74.52%
2017-12-27 23:31:55.473682: Iter: 76800 [6], loss: 284594.000000, acc: 0.00%, avg_loss: 954524.882969, avg_acc: 74.29%
2017-12-27 23:32:03.274505: Iter: 77000 [6], loss: 5986729.000000, acc: 0.00%, avg_loss: 954240.087450, avg_acc: 74.34%
2017-12-27 23:32:11.150924: Iter: 77200 [6], loss: 0.000000, acc: 1.00%, avg_loss: 952580.382788, avg_acc: 74.21%
2017-12-27 23:32:19.031119: Iter: 77400 [6], loss: 0.000000, acc: 1.00%, avg_loss: 947228.070556, avg_acc: 74.26%
2017-12-27 23:32:26.801736: Iter: 77600 [6], loss: 0.000000, acc: 1.00%, avg_loss: 938398.139509, avg_acc: 74.39%
2017-12-27 23:32:34.578335: Iter: 77800 [6], loss: 3081824.000000, acc: 0.00%, avg_loss: 947536.847284, avg_acc: 74.33%
2017-12-27 23:32:43.659034: Iter: 78000 [6], loss: 0.000000, acc: 1.00%, avg_loss: 948351.069000, avg_acc: 74.33%
2017-12-27 23:32:52.639059: Iter: 78200 [6], loss: 0.000000, acc: 1.00%, avg_loss: 941827.641694, avg_acc: 74.45%
2017-12-27 23:33:00.405168: Iter: 78400 [6], loss: 0.000000, acc: 1.00%, avg_loss: 949569.019414, avg_acc: 74.28%
2017-12-27 23:33:08.156700: Iter: 78600 [6], loss: 0.000000, acc: 1.00%, avg_loss: 950085.727348, avg_acc: 74.20%
2017-12-27 23:33:16.105050: Iter: 78800 [6], loss: 0.000000, acc: 1.00%, avg_loss: 947402.906581, avg_acc: 74.25%
2017-12-27 23:33:24.443843: Iter: 79000 [6], loss: 6514957.000000, acc: 0.00%, avg_loss: 941634.087786, avg_acc: 74.36%
2017-12-27 23:33:32.333587: Iter: 79200 [6], loss: 0.000000, acc: 1.00%, avg_loss: 933540.273646, avg_acc: 74.40%
2017-12-27 23:33:40.186880: Iter: 79400 [6], loss: 0.000000, acc: 1.00%, avg_loss: 932755.380068, avg_acc: 74.39%
2017-12-27 23:33:48.049248: Iter: 79600 [6], loss: 0.000000, acc: 1.00%, avg_loss: 932125.392928, avg_acc: 74.39%
2017-12-27 23:33:55.904137: Iter: 79800 [6], loss: 0.000000, acc: 1.00%, avg_loss: 937233.541635, avg_acc: 74.40%
2017-12-27 23:34:03.764750: Iter: 80000 [6], loss: 0.000000, acc: 1.00%, avg_loss: 938783.240437, avg_acc: 74.41%
2017-12-27 23:34:11.615995: Iter: 80200 [6], loss: 0.000000, acc: 1.00%, avg_loss: 938752.420671, avg_acc: 74.44%
2017-12-27 23:34:19.473981: Iter: 80400 [6], loss: 2186002.500000, acc: 0.00%, avg_loss: 937739.645089, avg_acc: 74.36%
2017-12-27 23:34:27.325763: Iter: 80600 [6], loss: 0.000000, acc: 1.00%, avg_loss: 939442.376483, avg_acc: 74.36%
2017-12-27 23:34:35.205673: Iter: 80800 [6], loss: 0.000000, acc: 1.00%, avg_loss: 936600.421932, avg_acc: 74.35%
2017-12-27 23:34:43.091834: Iter: 81000 [6], loss: 0.000000, acc: 1.00%, avg_loss: 937964.901833, avg_acc: 74.36%
2017-12-27 23:34:50.984559: Iter: 81200 [6], loss: 0.000000, acc: 1.00%, avg_loss: 937608.155353, avg_acc: 74.29%
2017-12-27 23:34:58.872501: Iter: 81400 [6], loss: 0.000000, acc: 1.00%, avg_loss: 938251.546117, avg_acc: 74.29%
2017-12-27 23:35:06.756534: Iter: 81600 [6], loss: 0.000000, acc: 1.00%, avg_loss: 941178.027161, avg_acc: 74.25%
2017-12-27 23:35:14.637037: Iter: 81800 [6], loss: 0.000000, acc: 1.00%, avg_loss: 941910.540995, avg_acc: 74.20%
2017-12-27 23:35:22.512753: Iter: 82000 [6], loss: 0.000000, acc: 1.00%, avg_loss: 937013.661150, avg_acc: 74.39%
2017-12-27 23:35:30.387350: Iter: 82200 [6], loss: 0.000000, acc: 1.00%, avg_loss: 936922.286152, avg_acc: 74.42%
2017-12-27 23:35:38.266851: Iter: 82400 [6], loss: 0.000000, acc: 1.00%, avg_loss: 932418.016490, avg_acc: 74.52%
2017-12-27 23:35:46.151493: Iter: 82600 [6], loss: 0.000000, acc: 1.00%, avg_loss: 933609.559788, avg_acc: 74.54%
2017-12-27 23:35:54.034150: Iter: 82800 [6], loss: 0.000000, acc: 1.00%, avg_loss: 932720.228449, avg_acc: 74.58%
2017-12-27 23:36:01.914515: Iter: 83000 [6], loss: 0.000000, acc: 1.00%, avg_loss: 935328.936295, avg_acc: 74.55%
2017-12-27 23:36:09.800779: Iter: 83200 [6], loss: 0.000000, acc: 1.00%, avg_loss: 934753.594531, avg_acc: 74.60%
2017-12-27 23:36:18.116170: Iter: 83400 [6], loss: 0.000000, acc: 1.00%, avg_loss: 932837.927741, avg_acc: 74.66%
2017-12-27 23:36:25.912985: Iter: 83600 [6], loss: 8508428.000000, acc: 0.00%, avg_loss: 936888.779806, avg_acc: 74.68%
2017-12-27 23:36:33.695468: Iter: 83800 [6], loss: 0.000000, acc: 1.00%, avg_loss: 935596.002542, avg_acc: 74.75%
2017-12-27 23:36:41.453057: Iter: 84000 [6], loss: 6388885.000000, acc: 0.00%, avg_loss: 937222.082750, avg_acc: 74.69%
2017-12-27 23:36:41.453257: 
Epoch 6: avg_Loss: 937300.191099258256, avg_Acc: 74.697891490958
2017-12-27 23:36:41.453283: Learning rates changed LR: 0.000000 
2017-12-27 23:36:49.907698: Iter: 84200 [7], loss: 3781905.500000, acc: 0.00%, avg_loss: 763219.392500, avg_acc: 81.00%
2017-12-27 23:36:57.589517: Iter: 84400 [7], loss: 0.000000, acc: 1.00%, avg_loss: 916115.453750, avg_acc: 76.25%
2017-12-27 23:37:05.269716: Iter: 84600 [7], loss: 0.000000, acc: 1.00%, avg_loss: 982232.132917, avg_acc: 75.00%
2017-12-27 23:37:12.955660: Iter: 84800 [7], loss: 0.000000, acc: 1.00%, avg_loss: 994484.890312, avg_acc: 74.25%
2017-12-27 23:37:20.639482: Iter: 85000 [7], loss: 3001468.500000, acc: 0.00%, avg_loss: 995906.592750, avg_acc: 73.70%
2017-12-27 23:37:28.557548: Iter: 85200 [7], loss: 0.000000, acc: 1.00%, avg_loss: 1013180.908958, avg_acc: 73.67%
2017-12-27 23:37:36.639741: Iter: 85400 [7], loss: 0.000000, acc: 1.00%, avg_loss: 988561.550714, avg_acc: 73.86%
2017-12-27 23:37:44.366798: Iter: 85600 [7], loss: 0.000000, acc: 1.00%, avg_loss: 980663.835469, avg_acc: 73.94%
2017-12-27 23:37:52.096547: Iter: 85800 [7], loss: 0.000000, acc: 1.00%, avg_loss: 977092.660417, avg_acc: 73.83%
2017-12-27 23:37:59.825199: Iter: 86000 [7], loss: 4372954.000000, acc: 0.00%, avg_loss: 975316.510375, avg_acc: 73.85%
2017-12-27 23:38:07.559402: Iter: 86200 [7], loss: 1374292.500000, acc: 0.00%, avg_loss: 972099.753523, avg_acc: 73.77%
2017-12-27 23:38:15.280813: Iter: 86400 [7], loss: 453059.000000, acc: 0.00%, avg_loss: 976865.232500, avg_acc: 73.62%
2017-12-27 23:38:23.002165: Iter: 86600 [7], loss: 0.000000, acc: 1.00%, avg_loss: 975228.256923, avg_acc: 73.81%
2017-12-27 23:38:30.719043: Iter: 86800 [7], loss: 0.000000, acc: 1.00%, avg_loss: 960340.039732, avg_acc: 74.00%
2017-12-27 23:38:38.443948: Iter: 87000 [7], loss: 0.000000, acc: 1.00%, avg_loss: 948832.496167, avg_acc: 74.13%
2017-12-27 23:38:47.229755: Iter: 87200 [7], loss: 0.000000, acc: 1.00%, avg_loss: 962442.827891, avg_acc: 74.09%
2017-12-27 23:38:54.985395: Iter: 87400 [7], loss: 0.000000, acc: 1.00%, avg_loss: 974416.523971, avg_acc: 74.09%
2017-12-27 23:39:02.693517: Iter: 87600 [7], loss: 7557183.500000, acc: 0.00%, avg_loss: 967824.579514, avg_acc: 74.08%
2017-12-27 23:39:10.410827: Iter: 87800 [7], loss: 0.000000, acc: 1.00%, avg_loss: 950632.550461, avg_acc: 74.32%
2017-12-27 23:39:18.136585: Iter: 88000 [7], loss: 0.000000, acc: 1.00%, avg_loss: 945913.004062, avg_acc: 74.38%
2017-12-27 23:39:25.917866: Iter: 88200 [7], loss: 0.000000, acc: 1.00%, avg_loss: 935230.828333, avg_acc: 74.45%
2017-12-27 23:39:33.647358: Iter: 88400 [7], loss: 940808.000000, acc: 0.00%, avg_loss: 938400.412330, avg_acc: 74.39%
2017-12-27 23:39:41.379054: Iter: 88600 [7], loss: 0.000000, acc: 1.00%, avg_loss: 942725.999239, avg_acc: 74.35%
2017-12-27 23:39:49.111368: Iter: 88800 [7], loss: 2725200.000000, acc: 0.00%, avg_loss: 947215.021198, avg_acc: 74.33%
2017-12-27 23:39:56.832496: Iter: 89000 [7], loss: 7401055.000000, acc: 0.00%, avg_loss: 940064.407250, avg_acc: 74.38%
2017-12-27 23:40:04.563222: Iter: 89200 [7], loss: 924959.500000, acc: 0.00%, avg_loss: 956097.065865, avg_acc: 74.35%
2017-12-27 23:40:12.289925: Iter: 89400 [7], loss: 0.000000, acc: 1.00%, avg_loss: 953946.231157, avg_acc: 74.31%
2017-12-27 23:40:20.320078: Iter: 89600 [7], loss: 0.000000, acc: 1.00%, avg_loss: 948012.203348, avg_acc: 74.32%
2017-12-27 23:40:28.040302: Iter: 89800 [7], loss: 0.000000, acc: 1.00%, avg_loss: 954827.068707, avg_acc: 74.26%
2017-12-27 23:40:35.773206: Iter: 90000 [7], loss: 0.000000, acc: 1.00%, avg_loss: 958175.603083, avg_acc: 74.22%
2017-12-27 23:40:43.542693: Iter: 90200 [7], loss: 0.000000, acc: 1.00%, avg_loss: 966935.458629, avg_acc: 74.13%
2017-12-27 23:40:51.401666: Iter: 90400 [7], loss: 0.000000, acc: 1.00%, avg_loss: 967623.111797, avg_acc: 74.03%
2017-12-27 23:40:59.125731: Iter: 90600 [7], loss: 394183.000000, acc: 0.00%, avg_loss: 963803.069886, avg_acc: 74.15%
2017-12-27 23:41:06.858065: Iter: 90800 [7], loss: 0.000000, acc: 1.00%, avg_loss: 970095.838676, avg_acc: 74.12%
2017-12-27 23:41:14.585047: Iter: 91000 [7], loss: 0.000000, acc: 1.00%, avg_loss: 967229.423536, avg_acc: 74.19%
2017-12-27 23:41:22.304956: Iter: 91200 [7], loss: 1174139.000000, acc: 0.00%, avg_loss: 965860.768924, avg_acc: 74.22%
2017-12-27 23:41:30.032980: Iter: 91400 [7], loss: 0.000000, acc: 1.00%, avg_loss: 959604.044426, avg_acc: 74.34%
2017-12-27 23:41:37.766947: Iter: 91600 [7], loss: 0.000000, acc: 1.00%, avg_loss: 956694.611612, avg_acc: 74.43%
2017-12-27 23:41:45.523373: Iter: 91800 [7], loss: 8135195.000000, acc: 0.00%, avg_loss: 954339.664199, avg_acc: 74.45%
2017-12-27 23:41:53.285672: Iter: 92000 [7], loss: 0.000000, acc: 1.00%, avg_loss: 951091.109469, avg_acc: 74.59%
2017-12-27 23:42:01.059263: Iter: 92200 [7], loss: 0.000000, acc: 1.00%, avg_loss: 950852.685122, avg_acc: 74.54%
2017-12-27 23:42:08.835277: Iter: 92400 [7], loss: 0.000000, acc: 1.00%, avg_loss: 951568.144435, avg_acc: 74.49%
2017-12-27 23:42:16.620990: Iter: 92600 [7], loss: 0.000000, acc: 1.00%, avg_loss: 951199.969738, avg_acc: 74.51%
2017-12-27 23:42:24.392690: Iter: 92800 [7], loss: 0.000000, acc: 1.00%, avg_loss: 948894.253722, avg_acc: 74.55%
2017-12-27 23:42:32.170354: Iter: 93000 [7], loss: 0.000000, acc: 1.00%, avg_loss: 947155.680833, avg_acc: 74.59%
2017-12-27 23:42:39.949245: Iter: 93200 [7], loss: 0.000000, acc: 1.00%, avg_loss: 943406.853179, avg_acc: 74.58%
2017-12-27 23:42:47.735048: Iter: 93400 [7], loss: 0.000000, acc: 1.00%, avg_loss: 938124.857527, avg_acc: 74.69%
2017-12-27 23:42:55.533047: Iter: 93600 [7], loss: 0.000000, acc: 1.00%, avg_loss: 937695.762578, avg_acc: 74.72%
2017-12-27 23:43:03.325937: Iter: 93800 [7], loss: 5265418.000000, acc: 0.00%, avg_loss: 935896.078801, avg_acc: 74.71%
2017-12-27 23:43:11.111790: Iter: 94000 [7], loss: 0.000000, acc: 1.00%, avg_loss: 933521.916250, avg_acc: 74.72%
2017-12-27 23:43:18.896207: Iter: 94200 [7], loss: 0.000000, acc: 1.00%, avg_loss: 933089.189534, avg_acc: 74.72%
2017-12-27 23:43:26.731326: Iter: 94400 [7], loss: 0.000000, acc: 1.00%, avg_loss: 931197.795865, avg_acc: 74.74%
2017-12-27 23:43:34.516485: Iter: 94600 [7], loss: 3590270.500000, acc: 0.00%, avg_loss: 932498.913019, avg_acc: 74.72%
2017-12-27 23:43:42.273989: Iter: 94800 [7], loss: 0.000000, acc: 1.00%, avg_loss: 932420.372778, avg_acc: 74.79%
2017-12-27 23:43:50.038644: Iter: 95000 [7], loss: 0.000000, acc: 1.00%, avg_loss: 927148.437773, avg_acc: 74.84%
2017-12-27 23:43:57.793591: Iter: 95200 [7], loss: 0.000000, acc: 1.00%, avg_loss: 924640.079487, avg_acc: 74.92%
2017-12-27 23:44:05.543969: Iter: 95400 [7], loss: 0.000000, acc: 1.00%, avg_loss: 928004.035768, avg_acc: 74.83%
2017-12-27 23:44:13.294430: Iter: 95600 [7], loss: 0.000000, acc: 1.00%, avg_loss: 932565.426207, avg_acc: 74.76%
2017-12-27 23:44:21.035263: Iter: 95800 [7], loss: 0.000000, acc: 1.00%, avg_loss: 932278.920042, avg_acc: 74.75%
2017-12-27 23:44:28.780147: Iter: 96000 [7], loss: 2989451.000000, acc: 0.00%, avg_loss: 937222.042333, avg_acc: 74.69%
2017-12-27 23:44:28.780341: 
Epoch 7: avg_Loss: 937300.150679223239, avg_Acc: 74.697891490958
2017-12-27 23:44:29.582480: 
Testing at last epoch...
2017-12-27 23:50:52.776168: epoch: 8 Accuracy: 75.3400%, loss: 867062.037224999978, i: 10000
2017-12-27 23:50:52.776229: Exiting train...
